2024-11-17 04:43:11,263 - INFO - ====== WebDriver manager ======
2024-11-17 04:43:11,366 - INFO - Get LATEST chromedriver version for google-chrome
2024-11-17 04:43:11,415 - INFO - Get LATEST chromedriver version for google-chrome
2024-11-17 04:43:11,450 - INFO - Driver [/Users/alvinzhu/.wdm/drivers/chromedriver/mac64/131.0.6778.69/chromedriver-mac-arm64/chromedriver] found in cache
2024-11-17 04:43:12,253 - INFO - Navigating to https://neetcode.io/problems/is-anagram.
2024-11-17 04:43:15,095 - INFO - Problem Title: 
2024-11-17 04:43:15,104 - WARNING - Difficulty level not found.
2024-11-17 04:43:15,158 - INFO - Problem description extracted.
2024-11-17 04:43:15,162 - WARNING - Solutions button not found.
2024-11-17 04:43:15,179 - INFO - Extracted Java solution.
2024-11-17 04:43:15,188 - INFO - Extracted Java solution.
2024-11-17 04:43:15,219 - INFO - Created Problem: 
2024-11-17 04:43:15,223 - INFO - Scraping completed successfully.
2024-11-17 04:43:15,294 - INFO - ChromeDriver has been closed.

2024-11-17 04:47:27,385 - INFO - ====== WebDriver manager ======
2024-11-17 04:47:27,491 - INFO - Get LATEST chromedriver version for google-chrome
2024-11-17 04:47:27,533 - INFO - Get LATEST chromedriver version for google-chrome
2024-11-17 04:47:27,568 - INFO - Driver [/Users/alvinzhu/.wdm/drivers/chromedriver/mac64/131.0.6778.69/chromedriver-mac-arm64/chromedriver] found in cache
2024-11-17 04:47:28,106 - INFO - Navigating to https://neetcode.io/problems/is-anagram.
2024-11-17 04:47:30,683 - INFO - Problem Title: 
2024-11-17 04:47:30,692 - INFO - Difficulty: easy
2024-11-17 04:47:30,741 - INFO - Problem description extracted.
2024-11-17 04:47:30,828 - INFO - Clicked on Solutions tab.
2024-11-17 04:47:32,866 - INFO - Extracted Python solution.
2024-11-17 04:47:32,881 - INFO - Extracted Python solution.
2024-11-17 04:47:32,897 - INFO - Extracted Python solution.
2024-11-17 04:47:32,921 - INFO - Updated Problem: 
2024-11-17 04:47:32,925 - INFO - Scraping completed successfully.
2024-11-17 04:47:33,000 - INFO - ChromeDriver has been closed.
2024-11-17 04:55:20,252 - INFO - ====== WebDriver manager ======
2024-11-17 04:55:20,358 - INFO - Get LATEST chromedriver version for google-chrome
2024-11-17 04:55:20,437 - INFO - Get LATEST chromedriver version for google-chrome
2024-11-17 04:55:20,474 - INFO - Driver [/Users/alvinzhu/.wdm/drivers/chromedriver/mac64/131.0.6778.69/chromedriver-mac-arm64/chromedriver] found in cache
2024-11-17 04:55:21,222 - INFO - Navigating to https://neetcode.io/problems/is-anagram.
2024-11-17 04:55:22,281 - INFO - Difficulty: easy
2024-11-17 04:55:22,321 - INFO - Problem description extracted.
2024-11-17 04:55:22,339 - INFO - Extracted Java solution.
2024-11-17 04:55:22,348 - INFO - Extracted Java solution.
2024-11-17 04:55:22,368 - INFO - Updated Problem: isAnagram
2024-11-17 04:55:22,372 - INFO - Scraping completed successfully.


2024-11-17 04:55:22,441 - INFO - ChromeDriver has been closed.
2024-11-17 04:56:37,772 - INFO - ====== WebDriver manager ======
2024-11-17 04:56:37,875 - INFO - Get LATEST chromedriver version for google-chrome
2024-11-17 04:56:37,919 - INFO - Get LATEST chromedriver version for google-chrome
2024-11-17 04:56:37,954 - INFO - Driver [/Users/alvinzhu/.wdm/drivers/chromedriver/mac64/131.0.6778.69/chromedriver-mac-arm64/chromedriver] found in cache
2024-11-17 04:56:38,517 - INFO - Navigating to https://neetcode.io/problems/is-anagram.
2024-11-17 04:56:39,633 - INFO - Difficulty: easy
2024-11-17 04:56:39,674 - INFO - Problem description extracted.
2024-11-17 04:56:39,690 - INFO - Extracted Java solution.
2024-11-17 04:56:39,705 - INFO - Extracted Java solution.
2024-11-17 04:56:39,722 - INFO - Updated Problem: isAnagram
2024-11-17 04:56:39,726 - INFO - Scraping completed successfully.
2024-11-17 04:56:39,795 - INFO - ChromeDriver has been closed.
2024-11-17 05:19:03,958 - INFO - ====== WebDriver manager ======
2024-11-17 05:19:04,049 - INFO - Get LATEST chromedriver version for google-chrome
2024-11-17 05:19:04,089 - INFO - Get LATEST chromedriver version for google-chrome
2024-11-17 05:19:04,126 - INFO - Driver [/Users/alvinzhu/.wdm/drivers/chromedriver/mac64/131.0.6778.69/chromedriver-mac-arm64/chromedriver] found in cache
2024-11-17 05:19:04,913 - INFO - Navigating to https://neetcode.io/problems/is-anagram.
2024-11-17 05:19:06,108 - INFO - Difficulty: easy
2024-11-17 05:19:06,162 - INFO - Problem description extracted.
2024-11-17 05:19:06,180 - INFO - Extracted Java solution.
2024-11-17 05:19:06,189 - INFO - Extracted Java solution.
2024-11-17 05:19:06,210 - INFO - Updated Problem: isAnagram
2024-11-17 05:19:06,210 - INFO - Scraping completed successfully.
2024-11-17 05:19:06,278 - INFO - ChromeDriver has been closed.
2024-11-17 05:22:09,307 - INFO - ====== WebDriver manager ======
2024-11-17 05:22:09,411 - INFO - Get LATEST chromedriver version for google-chrome
2024-11-17 05:22:09,457 - INFO - Get LATEST chromedriver version for google-chrome
2024-11-17 05:22:09,491 - INFO - Driver [/Users/alvinzhu/.wdm/drivers/chromedriver/mac64/131.0.6778.69/chromedriver-mac-arm64/chromedriver] found in cache
2024-11-17 05:22:10,048 - INFO - Navigating to https://neetcode.io/problems/is-anagram.
2024-11-17 05:22:11,453 - INFO - Problem description extracted.
2024-11-17 05:22:11,543 - INFO - Switched to 'Solution' tab.
2024-11-17 05:22:13,588 - INFO - Extracted Python solution.
2024-11-17 05:22:13,607 - INFO - Extracted Python solution.
2024-11-17 05:22:13,623 - INFO - Extracted Python solution.
2024-11-17 05:22:13,643 - INFO - Updated Problem: isAnagram
2024-11-17 05:22:13,643 - INFO - Scraping completed successfully.
2024-11-17 05:22:13,717 - INFO - ChromeDriver has been closed.
2024-11-19 05:25:28,278 - INFO - ====== WebDriver manager ======
2024-11-19 05:25:28,388 - INFO - Get LATEST chromedriver version for google-chrome
2024-11-19 05:25:28,447 - INFO - Get LATEST chromedriver version for google-chrome
2024-11-19 05:25:28,492 - INFO - There is no [mac64] chromedriver "131.0.6778.69" for browser google-chrome "131.0.6778" in cache
2024-11-19 05:25:28,496 - INFO - Get LATEST chromedriver version for google-chrome
2024-11-19 05:25:28,613 - INFO - WebDriver version 131.0.6778.69 selected
2024-11-19 05:25:28,614 - INFO - Modern chrome version https://storage.googleapis.com/chrome-for-testing-public/131.0.6778.69/mac-arm64/chromedriver-mac-arm64.zip
2024-11-19 05:25:28,614 - INFO - About to download new driver from https://storage.googleapis.com/chrome-for-testing-public/131.0.6778.69/mac-arm64/chromedriver-mac-arm64.zip
2024-11-19 05:25:28,684 - INFO - Driver downloading response is 200
2024-11-19 05:25:29,284 - INFO - Get LATEST chromedriver version for google-chrome
2024-11-19 05:25:29,415 - INFO - Driver has been saved in cache [/Users/alvinzhu/.wdm/drivers/chromedriver/mac64/131.0.6778.69]
2024-11-19 05:25:30,176 - INFO - Navigating to https://neetcode.io/problems/is-anagram.
2024-11-19 05:25:31,609 - INFO - Problem description extracted.
2024-11-19 05:25:31,700 - INFO - Switched to 'Solution' tab.
2024-11-19 05:25:33,746 - INFO - Extracted Python solution.
2024-11-19 05:25:33,763 - INFO - Extracted Python solution.
2024-11-19 05:25:33,780 - INFO - Extracted Python solution.
2024-11-19 05:25:33,804 - INFO - Created Problem: isAnagram
2024-11-19 05:25:33,804 - INFO - Scraping completed successfully.
2024-11-19 05:25:33,877 - INFO - ChromeDriver has been closed.
2024-11-19 05:26:35,662 - INFO - ====== WebDriver manager ======
2024-11-19 05:26:35,772 - INFO - Get LATEST chromedriver version for google-chrome
2024-11-19 05:26:35,827 - INFO - Get LATEST chromedriver version for google-chrome
2024-11-19 05:26:35,875 - INFO - Driver [/Users/alvinzhu/.wdm/drivers/chromedriver/mac64/131.0.6778.69/chromedriver-mac-arm64/chromedriver] found in cache
2024-11-19 05:26:36,627 - INFO - Navigating to https://neetcode.io/problems/is-anagram.
2024-11-19 05:26:37,787 - INFO - Problem description extracted.
2024-11-19 05:26:37,880 - INFO - Switched to 'Solution' tab.
2024-11-19 05:26:39,915 - INFO - Extracted Python solution.
2024-11-19 05:26:39,932 - INFO - Extracted Python solution.
2024-11-19 05:26:39,947 - INFO - Extracted Python solution.
2024-11-19 05:26:39,970 - INFO - Created Problem: isAnagram
2024-11-19 05:26:39,970 - INFO - Scraping completed successfully.
2024-11-19 05:26:40,041 - INFO - ChromeDriver has been closed.
2024-11-23 04:22:21,621 - INFO - ====== WebDriver manager ======
2024-11-23 04:22:21,697 - INFO - Get LATEST chromedriver version for google-chrome
2024-11-23 04:22:21,792 - INFO - Get LATEST chromedriver version for google-chrome
2024-11-23 04:22:21,835 - INFO - There is no [mac64] chromedriver "131.0.6778.85" for browser google-chrome "131.0.6778" in cache
2024-11-23 04:22:21,839 - INFO - Get LATEST chromedriver version for google-chrome
2024-11-23 04:22:21,964 - INFO - WebDriver version 131.0.6778.85 selected
2024-11-23 04:22:21,966 - INFO - Modern chrome version https://storage.googleapis.com/chrome-for-testing-public/131.0.6778.85/mac-arm64/chromedriver-mac-arm64.zip
2024-11-23 04:22:21,966 - INFO - About to download new driver from https://storage.googleapis.com/chrome-for-testing-public/131.0.6778.85/mac-arm64/chromedriver-mac-arm64.zip
2024-11-23 04:22:22,038 - INFO - Driver downloading response is 200
2024-11-23 04:22:22,714 - INFO - Get LATEST chromedriver version for google-chrome
2024-11-23 04:22:22,836 - INFO - Driver has been saved in cache [/Users/alvinzhu/.wdm/drivers/chromedriver/mac64/131.0.6778.85]
2024-11-23 04:22:23,655 - INFO - Navigating to https://neetcode.io/problems/duplicate-integer.
2024-11-23 04:22:25,056 - INFO - Problem title extracted: Contains Duplicate
2024-11-23 04:22:25,110 - INFO - Problem description extracted.
2024-11-23 04:22:25,201 - INFO - Switched to 'Solution' tab.
2024-11-23 04:22:27,227 - INFO - Extracted Python solution.
2024-11-23 04:22:27,240 - INFO - Extracted Python solution.
2024-11-23 04:22:27,251 - INFO - Extracted Python solution.
2024-11-23 04:22:27,263 - INFO - Extracted Python solution.
2024-11-23 04:22:27,325 - INFO - Created Problem: Contains Duplicate
2024-11-23 04:22:27,325 - INFO - Scraping completed successfully.
2024-11-23 04:22:27,396 - INFO - ChromeDriver has been closed.
2024-11-23 04:22:31,544 - INFO - ====== WebDriver manager ======
2024-11-23 04:22:31,654 - INFO - Get LATEST chromedriver version for google-chrome
2024-11-23 04:22:31,707 - INFO - Get LATEST chromedriver version for google-chrome
2024-11-23 04:22:31,755 - INFO - Driver [/Users/alvinzhu/.wdm/drivers/chromedriver/mac64/131.0.6778.85/chromedriver-mac-arm64/chromedriver] found in cache
2024-11-23 04:22:32,243 - INFO - Navigating to https://neetcode.io/problems/is-anagram.
2024-11-23 04:22:33,645 - INFO - Problem title extracted: Valid Anagram
2024-11-23 04:22:33,703 - INFO - Problem description extracted.
2024-11-23 04:22:33,790 - INFO - Switched to 'Solution' tab.
2024-11-23 04:22:35,810 - INFO - Extracted Python solution.
2024-11-23 04:22:35,824 - INFO - Extracted Python solution.
2024-11-23 04:22:35,840 - INFO - Extracted Python solution.
2024-11-23 04:22:35,864 - INFO - Updated Problem: Valid Anagram
2024-11-23 04:22:35,864 - INFO - Scraping completed successfully.
2024-11-23 04:22:35,931 - INFO - ChromeDriver has been closed.
2024-11-23 04:22:38,308 - INFO - ====== WebDriver manager ======
2024-11-23 04:22:38,412 - INFO - Get LATEST chromedriver version for google-chrome
2024-11-23 04:22:38,466 - INFO - Get LATEST chromedriver version for google-chrome
2024-11-23 04:22:38,511 - INFO - Driver [/Users/alvinzhu/.wdm/drivers/chromedriver/mac64/131.0.6778.85/chromedriver-mac-arm64/chromedriver] found in cache
2024-11-23 04:22:38,995 - INFO - Navigating to https://neetcode.io/problems/two-integer-sum.
2024-11-23 04:22:40,372 - INFO - Problem title extracted: Two Sum
2024-11-23 04:22:40,455 - INFO - Problem description extracted.
2024-11-23 04:22:40,547 - INFO - Switched to 'Solution' tab.
2024-11-23 04:22:42,573 - INFO - Extracted Python solution.
2024-11-23 04:22:42,591 - INFO - Extracted Python solution.
2024-11-23 04:22:42,603 - INFO - Extracted Python solution.
2024-11-23 04:22:42,616 - INFO - Extracted Python solution.
2024-11-23 04:22:42,636 - INFO - Created Problem: Two Sum
2024-11-23 04:22:42,636 - INFO - Scraping completed successfully.
2024-11-23 04:22:42,708 - INFO - ChromeDriver has been closed.
2024-11-23 04:22:47,857 - INFO - ====== WebDriver manager ======
2024-11-23 04:22:47,962 - INFO - Get LATEST chromedriver version for google-chrome
2024-11-23 04:22:48,012 - INFO - Get LATEST chromedriver version for google-chrome
2024-11-23 04:22:48,060 - INFO - Driver [/Users/alvinzhu/.wdm/drivers/chromedriver/mac64/131.0.6778.85/chromedriver-mac-arm64/chromedriver] found in cache
2024-11-23 04:22:48,529 - INFO - Navigating to https://neetcode.io/problems/anagram-groups.
2024-11-23 04:22:49,769 - INFO - Problem title extracted: Group Anagrams
2024-11-23 04:22:49,842 - INFO - Problem description extracted.
2024-11-23 04:22:49,931 - INFO - Switched to 'Solution' tab.
2024-11-23 04:22:51,956 - INFO - Extracted Python solution.
2024-11-23 04:22:51,970 - INFO - Extracted Python solution.
2024-11-23 04:22:51,989 - INFO - Created Problem: Group Anagrams
2024-11-23 04:22:51,989 - INFO - Scraping completed successfully.
2024-11-23 04:22:52,060 - INFO - ChromeDriver has been closed.
2024-11-23 04:22:54,645 - INFO - ====== WebDriver manager ======
2024-11-23 04:22:54,751 - INFO - Get LATEST chromedriver version for google-chrome
2024-11-23 04:22:54,813 - INFO - Get LATEST chromedriver version for google-chrome
2024-11-23 04:22:54,859 - INFO - Driver [/Users/alvinzhu/.wdm/drivers/chromedriver/mac64/131.0.6778.85/chromedriver-mac-arm64/chromedriver] found in cache
2024-11-23 04:22:55,335 - INFO - Navigating to https://neetcode.io/problems/top-k-elements-in-list.
2024-11-23 04:22:56,518 - INFO - Problem title extracted: Top K Frequent Elements
2024-11-23 04:22:56,583 - INFO - Problem description extracted.
2024-11-23 04:22:56,668 - INFO - Switched to 'Solution' tab.
2024-11-23 04:22:58,695 - INFO - Extracted Python solution.
2024-11-23 04:22:58,710 - INFO - Extracted Python solution.
2024-11-23 04:22:58,726 - INFO - Extracted Python solution.
2024-11-23 04:22:58,745 - INFO - Created Problem: Top K Frequent Elements
2024-11-23 04:22:58,745 - INFO - Scraping completed successfully.
2024-11-23 04:22:58,815 - INFO - ChromeDriver has been closed.
2024-11-23 04:23:02,650 - INFO - ====== WebDriver manager ======
2024-11-23 04:23:02,755 - INFO - Get LATEST chromedriver version for google-chrome
2024-11-23 04:23:02,809 - INFO - Get LATEST chromedriver version for google-chrome
2024-11-23 04:23:03,087 - INFO - Driver [/Users/alvinzhu/.wdm/drivers/chromedriver/mac64/131.0.6778.85/chromedriver-mac-arm64/chromedriver] found in cache
2024-11-23 04:23:03,570 - INFO - Navigating to https://neetcode.io/problems/string-encode-and-decode.
2024-11-23 04:23:04,845 - INFO - Problem title extracted: Encode and Decode Strings
2024-11-23 04:23:04,905 - INFO - Problem description extracted.
2024-11-23 04:23:04,987 - INFO - Switched to 'Solution' tab.
2024-11-23 04:23:07,016 - INFO - Extracted Python solution.
2024-11-23 04:23:07,031 - INFO - Extracted Python solution.
2024-11-23 04:23:07,053 - INFO - Created Problem: Encode and Decode Strings
2024-11-23 04:23:07,053 - INFO - Scraping completed successfully.
2024-11-23 04:23:07,124 - INFO - ChromeDriver has been closed.
2024-11-23 04:23:11,611 - INFO - ====== WebDriver manager ======
2024-11-23 04:23:11,716 - INFO - Get LATEST chromedriver version for google-chrome
2024-11-23 04:23:11,764 - INFO - Get LATEST chromedriver version for google-chrome
2024-11-23 04:23:11,808 - INFO - Driver [/Users/alvinzhu/.wdm/drivers/chromedriver/mac64/131.0.6778.85/chromedriver-mac-arm64/chromedriver] found in cache
2024-11-23 04:23:12,295 - INFO - Navigating to https://neetcode.io/problems/products-of-array-discluding-self.
2024-11-23 04:23:13,620 - INFO - Problem title extracted: Products of Array Except Self
2024-11-23 04:23:13,693 - INFO - Problem description extracted.
2024-11-23 04:23:13,779 - INFO - Switched to 'Solution' tab.
2024-11-23 04:23:15,805 - INFO - Extracted Python solution.
2024-11-23 04:23:15,819 - INFO - Extracted Python solution.
2024-11-23 04:23:15,836 - INFO - Extracted Python solution.
2024-11-23 04:23:15,851 - INFO - Extracted Python solution.
2024-11-23 04:23:15,871 - INFO - Created Problem: Products of Array Except Self
2024-11-23 04:23:15,871 - INFO - Scraping completed successfully.
2024-11-23 04:23:15,938 - INFO - ChromeDriver has been closed.
2024-11-23 04:23:21,000 - INFO - ====== WebDriver manager ======
2024-11-23 04:23:21,104 - INFO - Get LATEST chromedriver version for google-chrome
2024-11-23 04:23:21,161 - INFO - Get LATEST chromedriver version for google-chrome
2024-11-23 04:23:21,207 - INFO - Driver [/Users/alvinzhu/.wdm/drivers/chromedriver/mac64/131.0.6778.85/chromedriver-mac-arm64/chromedriver] found in cache
2024-11-23 04:23:21,680 - INFO - Navigating to https://neetcode.io/problems/longest-consecutive-sequence.
2024-11-23 04:23:22,882 - INFO - Problem title extracted: Longest Consecutive Sequence
2024-11-23 04:23:22,959 - INFO - Problem description extracted.
2024-11-23 04:23:23,045 - INFO - Switched to 'Solution' tab.
2024-11-23 04:23:25,091 - INFO - Extracted Python solution.
2024-11-23 04:23:25,110 - INFO - Extracted Python solution.
2024-11-23 04:23:25,123 - INFO - Extracted Python solution.
2024-11-23 04:23:25,137 - INFO - Extracted Python solution.
2024-11-23 04:23:25,160 - INFO - Created Problem: Longest Consecutive Sequence
2024-11-23 04:23:25,160 - INFO - Scraping completed successfully.
2024-11-23 04:23:25,231 - INFO - ChromeDriver has been closed.
2024-11-23 04:23:29,569 - INFO - ====== WebDriver manager ======
2024-11-23 04:23:29,623 - INFO - Get LATEST chromedriver version for google-chrome
2024-11-23 04:23:29,679 - INFO - Get LATEST chromedriver version for google-chrome
2024-11-23 04:23:29,724 - INFO - Driver [/Users/alvinzhu/.wdm/drivers/chromedriver/mac64/131.0.6778.85/chromedriver-mac-arm64/chromedriver] found in cache
2024-11-23 04:23:30,202 - INFO - Navigating to https://neetcode.io/problems/is-palindrome.
2024-11-23 04:23:31,529 - INFO - Problem title extracted: Valid Palindrome
2024-11-23 04:23:31,596 - INFO - Problem description extracted.
2024-11-23 04:23:31,683 - INFO - Switched to 'Solution' tab.
2024-11-23 04:23:33,703 - INFO - Extracted Python solution.
2024-11-23 04:23:33,722 - INFO - Extracted Python solution.
2024-11-23 04:23:33,742 - INFO - Created Problem: Valid Palindrome
2024-11-23 04:23:33,743 - INFO - Scraping completed successfully.
2024-11-23 04:23:33,815 - INFO - ChromeDriver has been closed.
2024-11-23 04:23:36,322 - INFO - ====== WebDriver manager ======
2024-11-23 04:23:36,431 - INFO - Get LATEST chromedriver version for google-chrome
2024-11-23 04:23:36,481 - INFO - Get LATEST chromedriver version for google-chrome
2024-11-23 04:23:36,617 - INFO - Driver [/Users/alvinzhu/.wdm/drivers/chromedriver/mac64/131.0.6778.85/chromedriver-mac-arm64/chromedriver] found in cache
2024-11-23 04:23:37,114 - INFO - Navigating to https://neetcode.io/problems/three-integer-sum.
2024-11-23 04:23:38,361 - INFO - Problem title extracted: 3Sum
2024-11-23 04:23:38,455 - INFO - Problem description extracted.
2024-11-23 04:23:38,546 - INFO - Switched to 'Solution' tab.
2024-11-23 04:23:40,574 - INFO - Extracted Python solution.
2024-11-23 04:23:40,593 - INFO - Extracted Python solution.
2024-11-23 04:23:40,610 - INFO - Extracted Python solution.
2024-11-23 04:23:40,631 - INFO - Created Problem: 3Sum
2024-11-23 04:23:40,631 - INFO - Scraping completed successfully.
2024-11-23 04:23:40,698 - INFO - ChromeDriver has been closed.
2024-11-23 04:23:45,679 - INFO - ====== WebDriver manager ======
2024-11-23 04:23:45,735 - INFO - Get LATEST chromedriver version for google-chrome
2024-11-23 04:23:45,787 - INFO - Get LATEST chromedriver version for google-chrome
2024-11-23 04:23:45,833 - INFO - Driver [/Users/alvinzhu/.wdm/drivers/chromedriver/mac64/131.0.6778.85/chromedriver-mac-arm64/chromedriver] found in cache
2024-11-23 04:23:46,323 - INFO - Navigating to https://neetcode.io/problems/max-water-container.
2024-11-23 04:23:47,558 - INFO - Problem title extracted: Container With Most Water
2024-11-23 04:23:47,622 - INFO - Problem description extracted.
2024-11-23 04:23:47,699 - INFO - Switched to 'Solution' tab.
2024-11-23 04:23:49,748 - INFO - Extracted Python solution.
2024-11-23 04:23:49,765 - INFO - Extracted Python solution.
2024-11-23 04:23:49,790 - INFO - Created Problem: Container With Most Water
2024-11-23 04:23:49,790 - INFO - Scraping completed successfully.
2024-11-23 04:23:49,864 - INFO - ChromeDriver has been closed.
2024-11-23 04:23:54,538 - INFO - ====== WebDriver manager ======
2024-11-23 04:23:54,642 - INFO - Get LATEST chromedriver version for google-chrome
2024-11-23 04:23:54,693 - INFO - Get LATEST chromedriver version for google-chrome
2024-11-23 04:23:54,736 - INFO - Driver [/Users/alvinzhu/.wdm/drivers/chromedriver/mac64/131.0.6778.85/chromedriver-mac-arm64/chromedriver] found in cache
2024-11-23 04:23:55,233 - INFO - Navigating to https://neetcode.io/problems/buy-and-sell-crypto.
2024-11-23 04:23:56,559 - INFO - Problem title extracted: Best Time to Buy and Sell Stock
2024-11-23 04:23:56,637 - INFO - Problem description extracted.
2024-11-23 04:23:56,721 - INFO - Switched to 'Solution' tab.
2024-11-23 04:23:58,746 - INFO - Extracted Python solution.
2024-11-23 04:23:58,759 - INFO - Extracted Python solution.
2024-11-23 04:23:58,772 - INFO - Extracted Python solution.
2024-11-23 04:23:58,791 - INFO - Created Problem: Best Time to Buy and Sell Stock
2024-11-23 04:23:58,791 - INFO - Scraping completed successfully.
2024-11-23 04:23:58,861 - INFO - ChromeDriver has been closed.
2024-11-23 04:24:03,256 - INFO - ====== WebDriver manager ======
2024-11-23 04:24:03,363 - INFO - Get LATEST chromedriver version for google-chrome
2024-11-23 04:24:03,419 - INFO - Get LATEST chromedriver version for google-chrome
2024-11-23 04:24:03,465 - INFO - Driver [/Users/alvinzhu/.wdm/drivers/chromedriver/mac64/131.0.6778.85/chromedriver-mac-arm64/chromedriver] found in cache
2024-11-23 04:24:03,951 - INFO - Navigating to https://neetcode.io/problems/longest-substring-without-duplicates.
2024-11-23 04:24:05,142 - INFO - Problem title extracted: Longest Substring Without Repeating Characters
2024-11-23 04:24:05,202 - INFO - Problem description extracted.
2024-11-23 04:24:05,294 - INFO - Switched to 'Solution' tab.
2024-11-23 04:24:07,318 - INFO - Extracted Python solution.
2024-11-23 04:24:07,332 - INFO - Extracted Python solution.
2024-11-23 04:24:07,346 - INFO - Extracted Python solution.
2024-11-23 04:24:07,364 - INFO - Created Problem: Longest Substring Without Repeating Characters
2024-11-23 04:24:07,365 - INFO - Scraping completed successfully.
2024-11-23 04:24:07,436 - INFO - ChromeDriver has been closed.
2024-11-23 04:24:11,256 - INFO - ====== WebDriver manager ======
2024-11-23 04:24:11,312 - INFO - Get LATEST chromedriver version for google-chrome
2024-11-23 04:24:11,361 - INFO - Get LATEST chromedriver version for google-chrome
2024-11-23 04:24:11,405 - INFO - Driver [/Users/alvinzhu/.wdm/drivers/chromedriver/mac64/131.0.6778.85/chromedriver-mac-arm64/chromedriver] found in cache
2024-11-23 04:24:11,887 - INFO - Navigating to https://neetcode.io/problems/longest-repeating-substring-with-replacement.
2024-11-23 04:24:13,103 - INFO - Problem title extracted: Longest Repeating Character Replacement
2024-11-23 04:24:13,162 - INFO - Problem description extracted.
2024-11-23 04:24:13,248 - INFO - Switched to 'Solution' tab.
2024-11-23 04:24:15,299 - INFO - Extracted Python solution.
2024-11-23 04:24:15,316 - INFO - Extracted Python solution.
2024-11-23 04:24:15,332 - INFO - Extracted Python solution.
2024-11-23 04:24:15,355 - INFO - Created Problem: Longest Repeating Character Replacement
2024-11-23 04:24:15,355 - INFO - Scraping completed successfully.
2024-11-23 04:24:15,425 - INFO - ChromeDriver has been closed.
2024-11-23 04:24:20,130 - INFO - ====== WebDriver manager ======
2024-11-23 04:24:20,236 - INFO - Get LATEST chromedriver version for google-chrome
2024-11-23 04:24:20,287 - INFO - Get LATEST chromedriver version for google-chrome
2024-11-23 04:24:20,332 - INFO - Driver [/Users/alvinzhu/.wdm/drivers/chromedriver/mac64/131.0.6778.85/chromedriver-mac-arm64/chromedriver] found in cache
2024-11-23 04:24:20,818 - INFO - Navigating to https://neetcode.io/problems/minimum-window-with-characters.
2024-11-23 04:24:22,727 - INFO - Problem title extracted: Minimum Window Substring
2024-11-23 04:24:22,802 - INFO - Problem description extracted.
2024-11-23 04:24:22,889 - INFO - Switched to 'Solution' tab.
2024-11-23 04:24:24,945 - INFO - Extracted Python solution.
2024-11-23 04:24:24,967 - INFO - Extracted Python solution.
2024-11-23 04:24:24,991 - INFO - Created Problem: Minimum Window Substring
2024-11-23 04:24:24,992 - INFO - Scraping completed successfully.
2024-11-23 04:24:25,065 - INFO - ChromeDriver has been closed.
2024-11-23 04:24:29,000 - INFO - ====== WebDriver manager ======
2024-11-23 04:24:29,057 - INFO - Get LATEST chromedriver version for google-chrome
2024-11-23 04:24:29,109 - INFO - Get LATEST chromedriver version for google-chrome
2024-11-23 04:24:29,156 - INFO - Driver [/Users/alvinzhu/.wdm/drivers/chromedriver/mac64/131.0.6778.85/chromedriver-mac-arm64/chromedriver] found in cache
2024-11-23 04:24:29,637 - INFO - Navigating to https://neetcode.io/problems/validate-parentheses.
2024-11-23 04:24:30,766 - INFO - Problem title extracted: Valid Parentheses
2024-11-23 04:24:30,838 - INFO - Problem description extracted.
2024-11-23 04:24:30,919 - INFO - Switched to 'Solution' tab.
2024-11-23 04:24:32,966 - INFO - Extracted Python solution.
2024-11-23 04:24:32,985 - INFO - Extracted Python solution.
2024-11-23 04:24:33,009 - INFO - Created Problem: Valid Parentheses
2024-11-23 04:24:33,009 - INFO - Scraping completed successfully.
2024-11-23 04:24:33,081 - INFO - ChromeDriver has been closed.
2024-11-23 04:24:36,227 - INFO - ====== WebDriver manager ======
2024-11-23 04:24:36,333 - INFO - Get LATEST chromedriver version for google-chrome
2024-11-23 04:24:36,391 - INFO - Get LATEST chromedriver version for google-chrome
2024-11-23 04:24:36,439 - INFO - Driver [/Users/alvinzhu/.wdm/drivers/chromedriver/mac64/131.0.6778.85/chromedriver-mac-arm64/chromedriver] found in cache
2024-11-23 04:24:36,929 - INFO - Navigating to https://neetcode.io/problems/find-minimum-in-rotated-sorted-array.
2024-11-23 04:24:38,567 - INFO - Problem title extracted: Find Minimum in Rotated Sorted Array
2024-11-23 04:24:38,652 - INFO - Problem description extracted.
2024-11-23 04:24:38,733 - INFO - Switched to 'Solution' tab.
2024-11-23 04:24:40,759 - INFO - Extracted Python solution.
2024-11-23 04:24:40,773 - INFO - Extracted Python solution.
2024-11-23 04:24:40,785 - INFO - Extracted Python solution.
2024-11-23 04:24:40,804 - INFO - Created Problem: Find Minimum in Rotated Sorted Array
2024-11-23 04:24:40,804 - INFO - Scraping completed successfully.
2024-11-23 04:24:40,881 - INFO - ChromeDriver has been closed.
2024-11-23 04:24:45,548 - INFO - ====== WebDriver manager ======
2024-11-23 04:24:45,605 - INFO - Get LATEST chromedriver version for google-chrome
2024-11-23 04:24:45,668 - INFO - Get LATEST chromedriver version for google-chrome
2024-11-23 04:24:45,714 - INFO - Driver [/Users/alvinzhu/.wdm/drivers/chromedriver/mac64/131.0.6778.85/chromedriver-mac-arm64/chromedriver] found in cache
2024-11-23 04:24:46,188 - INFO - Navigating to https://neetcode.io/problems/find-target-in-rotated-sorted-array.
2024-11-23 04:24:47,851 - INFO - Problem title extracted: Search in Rotated Sorted Array
2024-11-23 04:24:47,918 - INFO - Problem description extracted.
2024-11-23 04:24:47,998 - INFO - Switched to 'Solution' tab.
2024-11-23 04:24:50,048 - INFO - Extracted Python solution.
2024-11-23 04:24:50,069 - INFO - Extracted Python solution.
2024-11-23 04:24:50,086 - INFO - Extracted Python solution.
2024-11-23 04:24:50,100 - INFO - Extracted Python solution.
2024-11-23 04:24:50,122 - INFO - Created Problem: Search in Rotated Sorted Array
2024-11-23 04:24:50,122 - INFO - Scraping completed successfully.
2024-11-23 04:24:50,199 - INFO - ChromeDriver has been closed.
2024-11-23 04:24:53,355 - INFO - ====== WebDriver manager ======
2024-11-23 04:24:53,459 - INFO - Get LATEST chromedriver version for google-chrome
2024-11-23 04:24:53,510 - INFO - Get LATEST chromedriver version for google-chrome
2024-11-23 04:24:53,561 - INFO - Driver [/Users/alvinzhu/.wdm/drivers/chromedriver/mac64/131.0.6778.85/chromedriver-mac-arm64/chromedriver] found in cache
2024-11-23 04:24:54,059 - INFO - Navigating to https://neetcode.io/problems/reverse-a-linked-list.
2024-11-23 04:24:55,426 - INFO - Problem title extracted: Reverse Linked List
2024-11-23 04:24:55,481 - INFO - Problem description extracted.
2024-11-23 04:24:55,556 - INFO - Switched to 'Solution' tab.
2024-11-23 04:24:57,583 - INFO - Extracted Python solution.
2024-11-23 04:24:57,595 - INFO - Extracted Python solution.
2024-11-23 04:24:57,615 - INFO - Created Problem: Reverse Linked List
2024-11-23 04:24:57,615 - INFO - Scraping completed successfully.
2024-11-23 04:24:57,687 - INFO - ChromeDriver has been closed.
2024-11-23 04:25:02,577 - INFO - ====== WebDriver manager ======
2024-11-23 04:25:02,633 - INFO - Get LATEST chromedriver version for google-chrome
2024-11-23 04:25:02,684 - INFO - Get LATEST chromedriver version for google-chrome
2024-11-23 04:25:02,729 - INFO - Driver [/Users/alvinzhu/.wdm/drivers/chromedriver/mac64/131.0.6778.85/chromedriver-mac-arm64/chromedriver] found in cache
2024-11-23 04:25:03,216 - INFO - Navigating to https://neetcode.io/problems/merge-two-sorted-linked-lists.
2024-11-23 04:25:04,434 - INFO - Problem title extracted: Merge Two Sorted Linked Lists
2024-11-23 04:25:04,513 - INFO - Problem description extracted.
2024-11-23 04:25:04,597 - INFO - Switched to 'Solution' tab.
2024-11-23 04:25:06,630 - INFO - Extracted Python solution.
2024-11-23 04:25:06,646 - INFO - Extracted Python solution.
2024-11-23 04:25:06,667 - INFO - Created Problem: Merge Two Sorted Linked Lists
2024-11-23 04:25:06,667 - INFO - Scraping completed successfully.
2024-11-23 04:25:06,737 - INFO - ChromeDriver has been closed.
2024-11-23 04:25:11,069 - INFO - ====== WebDriver manager ======
2024-11-23 04:25:11,177 - INFO - Get LATEST chromedriver version for google-chrome
2024-11-23 04:25:11,230 - INFO - Get LATEST chromedriver version for google-chrome
2024-11-23 04:25:11,273 - INFO - Driver [/Users/alvinzhu/.wdm/drivers/chromedriver/mac64/131.0.6778.85/chromedriver-mac-arm64/chromedriver] found in cache
2024-11-23 04:25:11,825 - INFO - Navigating to https://neetcode.io/problems/reorder-linked-list.
2024-11-23 04:25:14,070 - INFO - Problem title extracted: Reorder Linked List
2024-11-23 04:25:14,167 - INFO - Problem description extracted.
2024-11-23 04:25:14,253 - INFO - Switched to 'Solution' tab.
2024-11-23 04:25:16,280 - INFO - Extracted Python solution.
2024-11-23 04:25:16,296 - INFO - Extracted Python solution.
2024-11-23 04:25:16,310 - INFO - Extracted Python solution.
2024-11-23 04:25:16,330 - INFO - Created Problem: Reorder Linked List
2024-11-23 04:25:16,330 - INFO - Scraping completed successfully.
2024-11-23 04:25:16,403 - INFO - ChromeDriver has been closed.
2024-11-23 04:25:21,227 - INFO - ====== WebDriver manager ======
2024-11-23 04:25:21,284 - INFO - Get LATEST chromedriver version for google-chrome
2024-11-23 04:25:21,334 - INFO - Get LATEST chromedriver version for google-chrome
2024-11-23 04:25:21,381 - INFO - Driver [/Users/alvinzhu/.wdm/drivers/chromedriver/mac64/131.0.6778.85/chromedriver-mac-arm64/chromedriver] found in cache
2024-11-23 04:25:21,866 - INFO - Navigating to https://neetcode.io/problems/remove-node-from-end-of-linked-list.
2024-11-23 04:25:23,970 - INFO - Problem title extracted: Remove Node From End of Linked List
2024-11-23 04:25:24,046 - INFO - Problem description extracted.
2024-11-23 04:25:24,134 - INFO - Switched to 'Solution' tab.
2024-11-23 04:25:26,160 - INFO - Extracted Python solution.
2024-11-23 04:25:26,175 - INFO - Extracted Python solution.
2024-11-23 04:25:26,188 - INFO - Extracted Python solution.
2024-11-23 04:25:26,202 - INFO - Extracted Python solution.
2024-11-23 04:25:26,221 - INFO - Created Problem: Remove Node From End of Linked List
2024-11-23 04:25:26,221 - INFO - Scraping completed successfully.
2024-11-23 04:25:26,293 - INFO - ChromeDriver has been closed.
2024-11-23 04:25:28,653 - INFO - ====== WebDriver manager ======
2024-11-23 04:25:28,760 - INFO - Get LATEST chromedriver version for google-chrome
2024-11-23 04:25:28,812 - INFO - Get LATEST chromedriver version for google-chrome
2024-11-23 04:25:28,857 - INFO - Driver [/Users/alvinzhu/.wdm/drivers/chromedriver/mac64/131.0.6778.85/chromedriver-mac-arm64/chromedriver] found in cache
2024-11-23 04:25:29,338 - INFO - Navigating to https://neetcode.io/problems/linked-list-cycle-detection.
2024-11-23 04:25:30,551 - INFO - Problem title extracted: Linked List Cycle Detection
2024-11-23 04:25:30,633 - INFO - Problem description extracted.
2024-11-23 04:25:30,714 - INFO - Switched to 'Solution' tab.
2024-11-23 04:25:32,739 - INFO - Extracted Python solution.
2024-11-23 04:25:32,751 - INFO - Extracted Python solution.
2024-11-23 04:25:32,770 - INFO - Created Problem: Linked List Cycle Detection
2024-11-23 04:25:32,770 - INFO - Scraping completed successfully.
2024-11-23 04:25:32,838 - INFO - ChromeDriver has been closed.
2024-11-23 04:25:37,211 - INFO - ====== WebDriver manager ======
2024-11-23 04:25:37,316 - INFO - Get LATEST chromedriver version for google-chrome
2024-11-23 04:25:37,366 - INFO - Get LATEST chromedriver version for google-chrome
2024-11-23 04:25:37,410 - INFO - Driver [/Users/alvinzhu/.wdm/drivers/chromedriver/mac64/131.0.6778.85/chromedriver-mac-arm64/chromedriver] found in cache
2024-11-23 04:25:37,900 - INFO - Navigating to https://neetcode.io/problems/merge-k-sorted-linked-lists.
2024-11-23 04:25:39,529 - INFO - Problem title extracted: Merge K Sorted Linked Lists
2024-11-23 04:25:39,603 - INFO - Problem description extracted.
2024-11-23 04:25:39,700 - INFO - Switched to 'Solution' tab.
2024-11-23 04:25:41,744 - INFO - Extracted Python solution.
2024-11-23 04:25:41,763 - INFO - Extracted Python solution.
2024-11-23 04:25:41,781 - INFO - Extracted Python solution.
2024-11-23 04:25:41,797 - INFO - Extracted Python solution.
2024-11-23 04:25:41,815 - INFO - Extracted Python solution.
2024-11-23 04:25:41,832 - INFO - Extracted Python solution.
2024-11-23 04:25:41,855 - INFO - Created Problem: Merge K Sorted Linked Lists
2024-11-23 04:25:41,855 - INFO - Scraping completed successfully.
2024-11-23 04:25:41,927 - INFO - ChromeDriver has been closed.
2024-11-23 04:25:45,063 - INFO - ====== WebDriver manager ======
2024-11-23 04:25:45,118 - INFO - Get LATEST chromedriver version for google-chrome
2024-11-23 04:25:45,169 - INFO - Get LATEST chromedriver version for google-chrome
2024-11-23 04:25:45,215 - INFO - Driver [/Users/alvinzhu/.wdm/drivers/chromedriver/mac64/131.0.6778.85/chromedriver-mac-arm64/chromedriver] found in cache
2024-11-23 04:25:45,704 - INFO - Navigating to https://neetcode.io/problems/invert-a-binary-tree.
2024-11-23 04:25:46,852 - INFO - Problem title extracted: Invert Binary Tree
2024-11-23 04:25:46,923 - INFO - Problem description extracted.
2024-11-23 04:25:47,012 - INFO - Switched to 'Solution' tab.
2024-11-23 04:25:49,038 - INFO - Extracted Python solution.
2024-11-23 04:25:49,050 - INFO - Extracted Python solution.
2024-11-23 04:25:49,063 - INFO - Extracted Python solution.
2024-11-23 04:25:49,083 - INFO - Created Problem: Invert Binary Tree
2024-11-23 04:25:49,083 - INFO - Scraping completed successfully.
2024-11-23 04:25:49,155 - INFO - ChromeDriver has been closed.
2024-11-23 04:25:52,993 - INFO - ====== WebDriver manager ======
2024-11-23 04:25:53,099 - INFO - Get LATEST chromedriver version for google-chrome
2024-11-23 04:25:53,146 - INFO - Get LATEST chromedriver version for google-chrome
2024-11-23 04:25:53,190 - INFO - Driver [/Users/alvinzhu/.wdm/drivers/chromedriver/mac64/131.0.6778.85/chromedriver-mac-arm64/chromedriver] found in cache
2024-11-23 04:25:53,667 - INFO - Navigating to https://neetcode.io/problems/depth-of-binary-tree.
2024-11-23 04:25:54,834 - INFO - Problem title extracted: Maximum Depth of Binary Tree
2024-11-23 04:25:54,896 - INFO - Problem description extracted.
2024-11-23 04:25:54,979 - INFO - Switched to 'Solution' tab.
2024-11-23 04:25:57,000 - INFO - Extracted Python solution.
2024-11-23 04:25:57,014 - INFO - Extracted Python solution.
2024-11-23 04:25:57,027 - INFO - Extracted Python solution.
2024-11-23 04:25:57,047 - INFO - Created Problem: Maximum Depth of Binary Tree
2024-11-23 04:25:57,047 - INFO - Scraping completed successfully.
2024-11-23 04:25:57,116 - INFO - ChromeDriver has been closed.
2024-11-23 04:25:59,722 - INFO - ====== WebDriver manager ======
2024-11-23 04:25:59,778 - INFO - Get LATEST chromedriver version for google-chrome
2024-11-23 04:25:59,830 - INFO - Get LATEST chromedriver version for google-chrome
2024-11-23 04:25:59,877 - INFO - Driver [/Users/alvinzhu/.wdm/drivers/chromedriver/mac64/131.0.6778.85/chromedriver-mac-arm64/chromedriver] found in cache
2024-11-23 04:26:00,368 - INFO - Navigating to https://neetcode.io/problems/same-binary-tree.
2024-11-23 04:26:01,548 - INFO - Problem title extracted: Same Binary Tree
2024-11-23 04:26:01,626 - INFO - Problem description extracted.
2024-11-23 04:26:01,712 - INFO - Switched to 'Solution' tab.
2024-11-23 04:26:03,741 - INFO - Extracted Python solution.
2024-11-23 04:26:03,757 - INFO - Extracted Python solution.
2024-11-23 04:26:03,780 - INFO - Created Problem: Same Binary Tree
2024-11-23 04:26:03,780 - INFO - Scraping completed successfully.
2024-11-23 04:26:03,848 - INFO - ChromeDriver has been closed.
2024-11-23 04:26:07,660 - INFO - ====== WebDriver manager ======
2024-11-23 04:26:07,766 - INFO - Get LATEST chromedriver version for google-chrome
2024-11-23 04:26:07,818 - INFO - Get LATEST chromedriver version for google-chrome
2024-11-23 04:26:07,862 - INFO - Driver [/Users/alvinzhu/.wdm/drivers/chromedriver/mac64/131.0.6778.85/chromedriver-mac-arm64/chromedriver] found in cache
2024-11-23 04:26:08,351 - INFO - Navigating to https://neetcode.io/problems/subtree-of-a-binary-tree.
2024-11-23 04:26:09,550 - INFO - Problem title extracted: Subtree of Another Tree
2024-11-23 04:26:09,621 - INFO - Problem description extracted.
2024-11-23 04:26:09,714 - INFO - Switched to 'Solution' tab.
2024-11-23 04:26:11,743 - INFO - Extracted Python solution.
2024-11-23 04:26:11,766 - INFO - Extracted Python solution.
2024-11-23 04:26:11,785 - INFO - Created Problem: Subtree of Another Tree
2024-11-23 04:26:11,785 - INFO - Scraping completed successfully.
2024-11-23 04:26:11,854 - INFO - ChromeDriver has been closed.
2024-11-23 04:26:14,116 - INFO - ====== WebDriver manager ======
2024-11-23 04:26:14,223 - INFO - Get LATEST chromedriver version for google-chrome
2024-11-23 04:26:14,277 - INFO - Get LATEST chromedriver version for google-chrome
2024-11-23 04:26:14,320 - INFO - Driver [/Users/alvinzhu/.wdm/drivers/chromedriver/mac64/131.0.6778.85/chromedriver-mac-arm64/chromedriver] found in cache
2024-11-23 04:26:14,812 - INFO - Navigating to https://neetcode.io/problems/lowest-common-ancestor-in-binary-search-tree.
2024-11-23 04:26:16,394 - INFO - Problem title extracted: Lowest Common Ancestor in Binary Search Tree
2024-11-23 04:26:16,473 - INFO - Problem description extracted.
2024-11-23 04:26:16,560 - INFO - Switched to 'Solution' tab.
2024-11-23 04:26:18,584 - INFO - Extracted Python solution.
2024-11-23 04:26:18,596 - INFO - Extracted Python solution.
2024-11-23 04:26:18,617 - INFO - Created Problem: Lowest Common Ancestor in Binary Search Tree
2024-11-23 04:26:18,617 - INFO - Scraping completed successfully.
2024-11-23 04:26:18,687 - INFO - ChromeDriver has been closed.
2024-11-23 04:26:21,647 - INFO - ====== WebDriver manager ======
2024-11-23 04:26:21,751 - INFO - Get LATEST chromedriver version for google-chrome
2024-11-23 04:26:21,805 - INFO - Get LATEST chromedriver version for google-chrome
2024-11-23 04:26:21,848 - INFO - Driver [/Users/alvinzhu/.wdm/drivers/chromedriver/mac64/131.0.6778.85/chromedriver-mac-arm64/chromedriver] found in cache
2024-11-23 04:26:22,334 - INFO - Navigating to https://neetcode.io/problems/level-order-traversal-of-binary-tree.
2024-11-23 04:26:23,474 - INFO - Problem title extracted: Binary Tree Level Order Traversal
2024-11-23 04:26:23,547 - INFO - Problem description extracted.
2024-11-23 04:26:23,629 - INFO - Switched to 'Solution' tab.
2024-11-23 04:26:25,656 - INFO - Extracted Python solution.
2024-11-23 04:26:25,671 - INFO - Extracted Python solution.
2024-11-23 04:26:25,689 - INFO - Created Problem: Binary Tree Level Order Traversal
2024-11-23 04:26:25,689 - INFO - Scraping completed successfully.
2024-11-23 04:26:25,763 - INFO - ChromeDriver has been closed.
2024-11-23 04:26:28,598 - INFO - ====== WebDriver manager ======
2024-11-23 04:26:28,704 - INFO - Get LATEST chromedriver version for google-chrome
2024-11-23 04:26:28,754 - INFO - Get LATEST chromedriver version for google-chrome
2024-11-23 04:26:28,800 - INFO - Driver [/Users/alvinzhu/.wdm/drivers/chromedriver/mac64/131.0.6778.85/chromedriver-mac-arm64/chromedriver] found in cache
2024-11-23 04:26:29,323 - INFO - Navigating to https://neetcode.io/problems/valid-binary-search-tree.
2024-11-23 04:26:30,903 - INFO - Problem title extracted: Valid Binary Search Tree
2024-11-23 04:26:30,965 - INFO - Problem description extracted.
2024-11-23 04:26:31,051 - INFO - Switched to 'Solution' tab.
2024-11-23 04:26:33,099 - INFO - Extracted Python solution.
2024-11-23 04:26:33,116 - INFO - Extracted Python solution.
2024-11-23 04:26:33,131 - INFO - Extracted Python solution.
2024-11-23 04:26:33,157 - INFO - Created Problem: Valid Binary Search Tree
2024-11-23 04:26:33,157 - INFO - Scraping completed successfully.
2024-11-23 04:26:33,230 - INFO - ChromeDriver has been closed.
2024-11-23 04:26:37,292 - INFO - ====== WebDriver manager ======
2024-11-23 04:26:37,776 - INFO - Get LATEST chromedriver version for google-chrome
2024-11-23 04:26:37,833 - INFO - Get LATEST chromedriver version for google-chrome
2024-11-23 04:26:37,941 - INFO - Driver [/Users/alvinzhu/.wdm/drivers/chromedriver/mac64/131.0.6778.85/chromedriver-mac-arm64/chromedriver] found in cache
2024-11-23 04:26:38,479 - INFO - Navigating to https://neetcode.io/problems/kth-smallest-integer-in-bst.
2024-11-23 04:26:39,624 - INFO - Problem title extracted: Kth Smallest Integer in BST
2024-11-23 04:26:39,688 - INFO - Problem description extracted.
2024-11-23 04:26:39,777 - INFO - Switched to 'Solution' tab.
2024-11-23 04:26:41,824 - INFO - Extracted Python solution.
2024-11-23 04:26:41,841 - INFO - Extracted Python solution.
2024-11-23 04:26:41,855 - INFO - Extracted Python solution.
2024-11-23 04:26:41,867 - INFO - Extracted Python solution.
2024-11-23 04:26:41,882 - INFO - Extracted Python solution.
2024-11-23 04:26:41,905 - INFO - Created Problem: Kth Smallest Integer in BST
2024-11-23 04:26:41,905 - INFO - Scraping completed successfully.
2024-11-23 04:26:41,980 - INFO - ChromeDriver has been closed.
2024-11-23 04:26:47,170 - INFO - ====== WebDriver manager ======
2024-11-23 04:26:47,276 - INFO - Get LATEST chromedriver version for google-chrome
2024-11-23 04:26:47,327 - INFO - Get LATEST chromedriver version for google-chrome
2024-11-23 04:26:47,373 - INFO - Driver [/Users/alvinzhu/.wdm/drivers/chromedriver/mac64/131.0.6778.85/chromedriver-mac-arm64/chromedriver] found in cache
2024-11-23 04:26:47,867 - INFO - Navigating to https://neetcode.io/problems/binary-tree-from-preorder-and-inorder-traversal.
2024-11-23 04:26:49,635 - INFO - Problem title extracted: Construct Binary Tree from Preorder and Inorder Traversal
2024-11-23 04:26:49,707 - INFO - Problem description extracted.
2024-11-23 04:26:49,798 - INFO - Switched to 'Solution' tab.
2024-11-23 04:26:51,824 - INFO - Extracted Python solution.
2024-11-23 04:26:51,840 - INFO - Extracted Python solution.
2024-11-23 04:26:51,858 - INFO - Extracted Python solution.
2024-11-23 04:26:51,889 - INFO - Created Problem: Construct Binary Tree from Preorder and Inorder Traversal
2024-11-23 04:26:51,890 - INFO - Scraping completed successfully.
2024-11-23 04:26:51,962 - INFO - ChromeDriver has been closed.
2024-11-23 04:26:54,828 - INFO - ====== WebDriver manager ======
2024-11-23 04:26:54,885 - INFO - Get LATEST chromedriver version for google-chrome
2024-11-23 04:26:54,944 - INFO - Get LATEST chromedriver version for google-chrome
2024-11-23 04:26:54,993 - INFO - Driver [/Users/alvinzhu/.wdm/drivers/chromedriver/mac64/131.0.6778.85/chromedriver-mac-arm64/chromedriver] found in cache
2024-11-23 04:26:55,483 - INFO - Navigating to https://neetcode.io/problems/binary-tree-maximum-path-sum.
2024-11-23 04:26:57,260 - INFO - Problem title extracted: Binary Tree Maximum Path Sum
2024-11-23 04:26:57,343 - INFO - Problem description extracted.
2024-11-23 04:26:57,430 - INFO - Switched to 'Solution' tab.
2024-11-23 04:26:59,460 - INFO - Extracted Python solution.
2024-11-23 04:26:59,474 - INFO - Extracted Python solution.
2024-11-23 04:26:59,494 - INFO - Created Problem: Binary Tree Maximum Path Sum
2024-11-23 04:26:59,494 - INFO - Scraping completed successfully.
2024-11-23 04:26:59,566 - INFO - ChromeDriver has been closed.
2024-11-23 04:27:02,851 - INFO - ====== WebDriver manager ======
2024-11-23 04:27:02,957 - INFO - Get LATEST chromedriver version for google-chrome
2024-11-23 04:27:03,009 - INFO - Get LATEST chromedriver version for google-chrome
2024-11-23 04:27:03,055 - INFO - Driver [/Users/alvinzhu/.wdm/drivers/chromedriver/mac64/131.0.6778.85/chromedriver-mac-arm64/chromedriver] found in cache
2024-11-23 04:27:03,534 - INFO - Navigating to https://neetcode.io/problems/serialize-and-deserialize-binary-tree.
2024-11-23 04:27:05,118 - INFO - Problem title extracted: Serialize and Deserialize Binary Tree
2024-11-23 04:27:05,187 - INFO - Problem description extracted.
2024-11-23 04:27:05,278 - INFO - Switched to 'Solution' tab.
2024-11-23 04:27:07,309 - INFO - Extracted Python solution.
2024-11-23 04:27:07,329 - INFO - Extracted Python solution.
2024-11-23 04:27:07,349 - INFO - Created Problem: Serialize and Deserialize Binary Tree
2024-11-23 04:27:07,349 - INFO - Scraping completed successfully.
2024-11-23 04:27:07,421 - INFO - ChromeDriver has been closed.
2024-11-23 04:27:10,346 - INFO - ====== WebDriver manager ======
2024-11-23 04:27:10,452 - INFO - Get LATEST chromedriver version for google-chrome
2024-11-23 04:27:10,502 - INFO - Get LATEST chromedriver version for google-chrome
2024-11-23 04:27:10,553 - INFO - Driver [/Users/alvinzhu/.wdm/drivers/chromedriver/mac64/131.0.6778.85/chromedriver-mac-arm64/chromedriver] found in cache
2024-11-23 04:27:11,045 - INFO - Navigating to https://neetcode.io/problems/find-median-in-a-data-stream.
2024-11-23 04:27:12,954 - INFO - Problem title extracted: Find Median From Data Stream
2024-11-23 04:27:13,020 - INFO - Problem description extracted.
2024-11-23 04:27:13,113 - INFO - Switched to 'Solution' tab.
2024-11-23 04:27:15,139 - INFO - Extracted Python solution.
2024-11-23 04:27:15,161 - INFO - Extracted Python solution.
2024-11-23 04:27:15,180 - INFO - Created Problem: Find Median From Data Stream
2024-11-23 04:27:15,180 - INFO - Scraping completed successfully.
2024-11-23 04:27:15,253 - INFO - ChromeDriver has been closed.
2024-11-23 04:27:18,625 - INFO - ====== WebDriver manager ======
2024-11-23 04:27:18,682 - INFO - Get LATEST chromedriver version for google-chrome
2024-11-23 04:27:18,734 - INFO - Get LATEST chromedriver version for google-chrome
2024-11-23 04:27:18,782 - INFO - Driver [/Users/alvinzhu/.wdm/drivers/chromedriver/mac64/131.0.6778.85/chromedriver-mac-arm64/chromedriver] found in cache
2024-11-23 04:27:19,272 - INFO - Navigating to https://neetcode.io/problems/combination-target-sum.
2024-11-23 04:27:21,235 - INFO - Problem title extracted: Combination Sum
2024-11-23 04:27:21,325 - INFO - Problem description extracted.
2024-11-23 04:27:21,412 - INFO - Switched to 'Solution' tab.
2024-11-23 04:27:23,439 - INFO - Extracted Python solution.
2024-11-23 04:27:23,455 - INFO - Extracted Python solution.
2024-11-23 04:27:23,474 - INFO - Created Problem: Combination Sum
2024-11-23 04:27:23,474 - INFO - Scraping completed successfully.
2024-11-23 04:27:23,546 - INFO - ChromeDriver has been closed.
2024-11-23 04:27:26,891 - INFO - ====== WebDriver manager ======
2024-11-23 04:27:26,998 - INFO - Get LATEST chromedriver version for google-chrome
2024-11-23 04:27:27,050 - INFO - Get LATEST chromedriver version for google-chrome
2024-11-23 04:27:27,095 - INFO - Driver [/Users/alvinzhu/.wdm/drivers/chromedriver/mac64/131.0.6778.85/chromedriver-mac-arm64/chromedriver] found in cache
2024-11-23 04:27:27,585 - INFO - Navigating to https://neetcode.io/problems/search-for-word.
2024-11-23 04:27:29,177 - INFO - Problem title extracted: Word Search
2024-11-23 04:27:29,237 - INFO - Problem description extracted.
2024-11-23 04:27:29,331 - INFO - Switched to 'Solution' tab.
2024-11-23 04:27:31,362 - INFO - Extracted Python solution.
2024-11-23 04:27:31,383 - INFO - Extracted Python solution.
2024-11-23 04:27:31,404 - INFO - Extracted Python solution.
2024-11-23 04:27:31,422 - INFO - Created Problem: Word Search
2024-11-23 04:27:31,422 - INFO - Scraping completed successfully.
2024-11-23 04:27:31,495 - INFO - ChromeDriver has been closed.
2024-11-23 04:27:33,862 - INFO - ====== WebDriver manager ======
2024-11-23 04:27:33,971 - INFO - Get LATEST chromedriver version for google-chrome
2024-11-23 04:27:34,018 - INFO - Get LATEST chromedriver version for google-chrome
2024-11-23 04:27:34,061 - INFO - Driver [/Users/alvinzhu/.wdm/drivers/chromedriver/mac64/131.0.6778.85/chromedriver-mac-arm64/chromedriver] found in cache
2024-11-23 04:27:34,543 - INFO - Navigating to https://neetcode.io/problems/implement-prefix-tree.
2024-11-23 04:27:36,188 - INFO - Problem title extracted: Implement Trie (Prefix Tree)
2024-11-23 04:27:36,234 - INFO - Problem description extracted.
2024-11-23 04:27:36,320 - INFO - Switched to 'Solution' tab.
2024-11-23 04:27:38,352 - INFO - Extracted Python solution.
2024-11-23 04:27:38,370 - INFO - Extracted Python solution.
2024-11-23 04:27:38,388 - INFO - Created Problem: Implement Trie (Prefix Tree)
2024-11-23 04:27:38,389 - INFO - Scraping completed successfully.
2024-11-23 04:27:38,461 - INFO - ChromeDriver has been closed.
2024-11-23 04:27:41,257 - INFO - ====== WebDriver manager ======
2024-11-23 04:27:41,366 - INFO - Get LATEST chromedriver version for google-chrome
2024-11-23 04:27:41,417 - INFO - Get LATEST chromedriver version for google-chrome
2024-11-23 04:27:41,460 - INFO - Driver [/Users/alvinzhu/.wdm/drivers/chromedriver/mac64/131.0.6778.85/chromedriver-mac-arm64/chromedriver] found in cache
2024-11-23 04:27:41,933 - INFO - Navigating to https://neetcode.io/problems/design-word-search-data-structure.
2024-11-23 04:27:43,551 - INFO - Problem title extracted: Design Add and Search Word Data Structure
2024-11-23 04:27:43,599 - INFO - Problem description extracted.
2024-11-23 04:27:43,692 - INFO - Switched to 'Solution' tab.
2024-11-23 04:27:45,721 - INFO - Extracted Python solution.
2024-11-23 04:27:45,739 - INFO - Extracted Python solution.
2024-11-23 04:27:45,757 - INFO - Created Problem: Design Add and Search Word Data Structure
2024-11-23 04:27:45,758 - INFO - Scraping completed successfully.
2024-11-23 04:27:45,827 - INFO - ChromeDriver has been closed.
2024-11-23 04:27:49,868 - INFO - ====== WebDriver manager ======
2024-11-23 04:27:49,924 - INFO - Get LATEST chromedriver version for google-chrome
2024-11-23 04:27:49,994 - INFO - Get LATEST chromedriver version for google-chrome
2024-11-23 04:27:50,037 - INFO - Driver [/Users/alvinzhu/.wdm/drivers/chromedriver/mac64/131.0.6778.85/chromedriver-mac-arm64/chromedriver] found in cache
2024-11-23 04:27:50,528 - INFO - Navigating to https://neetcode.io/problems/search-for-word-ii.
2024-11-23 04:27:52,199 - INFO - Problem title extracted: Word Search II
2024-11-23 04:27:52,256 - INFO - Problem description extracted.
2024-11-23 04:27:52,346 - INFO - Switched to 'Solution' tab.
2024-11-23 04:27:54,403 - INFO - Extracted Python solution.
2024-11-23 04:27:54,430 - INFO - Extracted Python solution.
2024-11-23 04:27:54,460 - INFO - Extracted Python solution.
2024-11-23 04:27:54,490 - INFO - Created Problem: Word Search II
2024-11-23 04:27:54,490 - INFO - Scraping completed successfully.
2024-11-23 04:27:54,562 - INFO - ChromeDriver has been closed.
2024-11-23 04:27:57,387 - INFO - ====== WebDriver manager ======
2024-11-23 04:27:57,495 - INFO - Get LATEST chromedriver version for google-chrome
2024-11-23 04:27:57,547 - INFO - Get LATEST chromedriver version for google-chrome
2024-11-23 04:27:57,595 - INFO - Driver [/Users/alvinzhu/.wdm/drivers/chromedriver/mac64/131.0.6778.85/chromedriver-mac-arm64/chromedriver] found in cache
2024-11-23 04:27:58,072 - INFO - Navigating to https://neetcode.io/problems/count-number-of-islands.
2024-11-23 04:27:59,458 - INFO - Problem title extracted: Number of Islands
2024-11-23 04:27:59,535 - INFO - Problem description extracted.
2024-11-23 04:27:59,646 - INFO - Switched to 'Solution' tab.
2024-11-23 04:28:01,674 - INFO - Extracted Python solution.
2024-11-23 04:28:01,695 - INFO - Extracted Python solution.
2024-11-23 04:28:01,722 - INFO - Extracted Python solution.
2024-11-23 04:28:01,743 - INFO - Created Problem: Number of Islands
2024-11-23 04:28:01,743 - INFO - Scraping completed successfully.
2024-11-23 04:28:01,813 - INFO - ChromeDriver has been closed.
2024-11-23 04:28:04,497 - INFO - ====== WebDriver manager ======
2024-11-23 04:28:04,554 - INFO - Get LATEST chromedriver version for google-chrome
2024-11-23 04:28:04,607 - INFO - Get LATEST chromedriver version for google-chrome
2024-11-23 04:28:04,652 - INFO - Driver [/Users/alvinzhu/.wdm/drivers/chromedriver/mac64/131.0.6778.85/chromedriver-mac-arm64/chromedriver] found in cache
2024-11-23 04:28:05,157 - INFO - Navigating to https://neetcode.io/problems/clone-graph.
2024-11-23 04:28:06,740 - INFO - Problem title extracted: Clone Graph
2024-11-23 04:28:06,839 - INFO - Problem description extracted.
2024-11-23 04:28:06,927 - INFO - Switched to 'Solution' tab.
2024-11-23 04:28:08,953 - INFO - Extracted Python solution.
2024-11-23 04:28:08,966 - INFO - Extracted Python solution.
2024-11-23 04:28:08,985 - INFO - Created Problem: Clone Graph
2024-11-23 04:28:08,985 - INFO - Scraping completed successfully.
2024-11-23 04:28:09,057 - INFO - ChromeDriver has been closed.
2024-11-23 04:28:13,040 - INFO - ====== WebDriver manager ======
2024-11-23 04:28:13,146 - INFO - Get LATEST chromedriver version for google-chrome
2024-11-23 04:28:13,202 - INFO - Get LATEST chromedriver version for google-chrome
2024-11-23 04:28:13,248 - INFO - Driver [/Users/alvinzhu/.wdm/drivers/chromedriver/mac64/131.0.6778.85/chromedriver-mac-arm64/chromedriver] found in cache
2024-11-23 04:28:13,737 - INFO - Navigating to https://neetcode.io/problems/pacific-atlantic-water-flow.
2024-11-23 04:28:14,971 - INFO - Problem title extracted: Pacific Atlantic Water Flow
2024-11-23 04:28:15,045 - INFO - Problem description extracted.
2024-11-23 04:28:15,135 - INFO - Switched to 'Solution' tab.
2024-11-23 04:28:17,169 - INFO - Extracted Python solution.
2024-11-23 04:28:17,193 - INFO - Extracted Python solution.
2024-11-23 04:28:17,219 - INFO - Extracted Python solution.
2024-11-23 04:28:17,238 - INFO - Created Problem: Pacific Atlantic Water Flow
2024-11-23 04:28:17,238 - INFO - Scraping completed successfully.
2024-11-23 04:28:17,307 - INFO - ChromeDriver has been closed.
2024-11-23 04:28:21,192 - INFO - ====== WebDriver manager ======
2024-11-23 04:28:21,299 - INFO - Get LATEST chromedriver version for google-chrome
2024-11-23 04:28:21,347 - INFO - Get LATEST chromedriver version for google-chrome
2024-11-23 04:28:21,392 - INFO - Driver [/Users/alvinzhu/.wdm/drivers/chromedriver/mac64/131.0.6778.85/chromedriver-mac-arm64/chromedriver] found in cache
2024-11-23 04:28:21,876 - INFO - Navigating to https://neetcode.io/problems/course-schedule.
2024-11-23 04:28:23,478 - INFO - Problem title extracted: Course Schedule
2024-11-23 04:28:23,551 - INFO - Problem description extracted.
2024-11-23 04:28:23,638 - INFO - Switched to 'Solution' tab.
2024-11-23 04:28:25,667 - INFO - Extracted Python solution.
2024-11-23 04:28:25,683 - INFO - Extracted Python solution.
2024-11-23 04:28:25,702 - INFO - Created Problem: Course Schedule
2024-11-23 04:28:25,702 - INFO - Scraping completed successfully.
2024-11-23 04:28:25,769 - INFO - ChromeDriver has been closed.
2024-11-23 04:28:28,120 - INFO - ====== WebDriver manager ======
2024-11-23 04:28:28,178 - INFO - Get LATEST chromedriver version for google-chrome
2024-11-23 04:28:28,232 - INFO - Get LATEST chromedriver version for google-chrome
2024-11-23 04:28:28,275 - INFO - Driver [/Users/alvinzhu/.wdm/drivers/chromedriver/mac64/131.0.6778.85/chromedriver-mac-arm64/chromedriver] found in cache
2024-11-23 04:28:28,767 - INFO - Navigating to https://neetcode.io/problems/valid-tree.
2024-11-23 04:28:30,371 - INFO - Problem title extracted: Graph Valid Tree
2024-11-23 04:28:30,425 - INFO - Problem description extracted.
2024-11-23 04:28:30,527 - INFO - Switched to 'Solution' tab.
2024-11-23 04:28:32,557 - INFO - Extracted Python solution.
2024-11-23 04:28:32,574 - INFO - Extracted Python solution.
2024-11-23 04:28:32,594 - INFO - Extracted Python solution.
2024-11-23 04:28:32,613 - INFO - Created Problem: Graph Valid Tree
2024-11-23 04:28:32,613 - INFO - Scraping completed successfully.
2024-11-23 04:28:32,685 - INFO - ChromeDriver has been closed.
2024-11-23 04:28:36,676 - INFO - ====== WebDriver manager ======
2024-11-23 04:28:36,786 - INFO - Get LATEST chromedriver version for google-chrome
2024-11-23 04:28:36,834 - INFO - Get LATEST chromedriver version for google-chrome
2024-11-23 04:28:36,879 - INFO - Driver [/Users/alvinzhu/.wdm/drivers/chromedriver/mac64/131.0.6778.85/chromedriver-mac-arm64/chromedriver] found in cache
2024-11-23 04:28:37,375 - INFO - Navigating to https://neetcode.io/problems/count-connected-components.
2024-11-23 04:28:39,099 - INFO - Problem title extracted: Number of Connected Components in an Undirected Graph
2024-11-23 04:28:39,152 - INFO - Problem description extracted.
2024-11-23 04:28:39,249 - INFO - Switched to 'Solution' tab.
2024-11-23 04:28:41,276 - INFO - Extracted Python solution.
2024-11-23 04:28:41,293 - INFO - Extracted Python solution.
2024-11-23 04:28:41,312 - INFO - Extracted Python solution.
2024-11-23 04:28:41,331 - INFO - Created Problem: Number of Connected Components in an Undirected Graph
2024-11-23 04:28:41,331 - INFO - Scraping completed successfully.
2024-11-23 04:28:41,403 - INFO - ChromeDriver has been closed.
2024-11-23 04:28:46,054 - INFO - ====== WebDriver manager ======
2024-11-23 04:28:46,164 - INFO - Get LATEST chromedriver version for google-chrome
2024-11-23 04:28:46,226 - INFO - Get LATEST chromedriver version for google-chrome
2024-11-23 04:28:46,506 - INFO - Driver [/Users/alvinzhu/.wdm/drivers/chromedriver/mac64/131.0.6778.85/chromedriver-mac-arm64/chromedriver] found in cache
2024-11-23 04:28:46,985 - INFO - Navigating to https://neetcode.io/problems/foreign-dictionary.
2024-11-23 04:28:48,664 - INFO - Problem title extracted: Alien Dictionary
2024-11-23 04:28:48,732 - INFO - Problem description extracted.
2024-11-23 04:28:48,819 - INFO - Switched to 'Solution' tab.
2024-11-23 04:28:50,850 - INFO - Extracted Python solution.
2024-11-23 04:28:50,872 - INFO - Extracted Python solution.
2024-11-23 04:28:50,890 - INFO - Created Problem: Alien Dictionary
2024-11-23 04:28:50,890 - INFO - Scraping completed successfully.
2024-11-23 04:28:50,963 - INFO - ChromeDriver has been closed.
2024-11-23 04:28:54,424 - INFO - ====== WebDriver manager ======
2024-11-23 04:28:54,481 - INFO - Get LATEST chromedriver version for google-chrome
2024-11-23 04:28:54,537 - INFO - Get LATEST chromedriver version for google-chrome
2024-11-23 04:28:54,582 - INFO - Driver [/Users/alvinzhu/.wdm/drivers/chromedriver/mac64/131.0.6778.85/chromedriver-mac-arm64/chromedriver] found in cache
2024-11-23 04:28:55,060 - INFO - Navigating to https://neetcode.io/problems/climbing-stairs.
2024-11-23 04:28:56,652 - INFO - Problem title extracted: Climbing Stairs
2024-11-23 04:28:56,709 - INFO - Problem description extracted.
2024-11-23 04:28:56,799 - INFO - Switched to 'Solution' tab.
2024-11-23 04:28:58,823 - INFO - Extracted Python solution.
2024-11-23 04:28:58,837 - INFO - Extracted Python solution.
2024-11-23 04:28:58,851 - INFO - Extracted Python solution.
2024-11-23 04:28:58,862 - INFO - Extracted Python solution.
2024-11-23 04:28:58,887 - INFO - Extracted Python solution.
2024-11-23 04:28:58,899 - INFO - Extracted Python solution.
2024-11-23 04:28:58,917 - INFO - Created Problem: Climbing Stairs
2024-11-23 04:28:58,917 - INFO - Scraping completed successfully.
2024-11-23 04:28:58,986 - INFO - ChromeDriver has been closed.
2024-11-23 04:29:03,903 - INFO - ====== WebDriver manager ======
2024-11-23 04:29:04,008 - INFO - Get LATEST chromedriver version for google-chrome
2024-11-23 04:29:04,061 - INFO - Get LATEST chromedriver version for google-chrome
2024-11-23 04:29:04,112 - INFO - Driver [/Users/alvinzhu/.wdm/drivers/chromedriver/mac64/131.0.6778.85/chromedriver-mac-arm64/chromedriver] found in cache
2024-11-23 04:29:04,606 - INFO - Navigating to https://neetcode.io/problems/house-robber.
2024-11-23 04:29:05,850 - INFO - Problem title extracted: House Robber
2024-11-23 04:29:05,914 - INFO - Problem description extracted.
2024-11-23 04:29:05,997 - INFO - Switched to 'Solution' tab.
2024-11-23 04:29:08,027 - INFO - Extracted Python solution.
2024-11-23 04:29:08,041 - INFO - Extracted Python solution.
2024-11-23 04:29:08,057 - INFO - Extracted Python solution.
2024-11-23 04:29:08,068 - INFO - Extracted Python solution.
2024-11-23 04:29:08,088 - INFO - Created Problem: House Robber
2024-11-23 04:29:08,088 - INFO - Scraping completed successfully.
2024-11-23 04:29:08,155 - INFO - ChromeDriver has been closed.
2024-11-23 04:29:11,051 - INFO - ====== WebDriver manager ======
2024-11-23 04:29:11,160 - INFO - Get LATEST chromedriver version for google-chrome
2024-11-23 04:29:11,216 - INFO - Get LATEST chromedriver version for google-chrome
2024-11-23 04:29:11,264 - INFO - Driver [/Users/alvinzhu/.wdm/drivers/chromedriver/mac64/131.0.6778.85/chromedriver-mac-arm64/chromedriver] found in cache
2024-11-23 04:29:11,753 - INFO - Navigating to https://neetcode.io/problems/house-robber-ii.
2024-11-23 04:29:13,363 - INFO - Problem title extracted: House Robber II
2024-11-23 04:29:13,426 - INFO - Problem description extracted.
2024-11-23 04:29:13,512 - INFO - Switched to 'Solution' tab.
2024-11-23 04:29:15,536 - INFO - Extracted Python solution.
2024-11-23 04:29:15,554 - INFO - Extracted Python solution.
2024-11-23 04:29:15,573 - INFO - Extracted Python solution.
2024-11-23 04:29:15,586 - INFO - Extracted Python solution.
2024-11-23 04:29:15,604 - INFO - Created Problem: House Robber II
2024-11-23 04:29:15,604 - INFO - Scraping completed successfully.
2024-11-23 04:29:15,682 - INFO - ChromeDriver has been closed.
2024-11-23 04:29:20,211 - INFO - ====== WebDriver manager ======
2024-11-23 04:29:20,268 - INFO - Get LATEST chromedriver version for google-chrome
2024-11-23 04:29:20,316 - INFO - Get LATEST chromedriver version for google-chrome
2024-11-23 04:29:20,360 - INFO - Driver [/Users/alvinzhu/.wdm/drivers/chromedriver/mac64/131.0.6778.85/chromedriver-mac-arm64/chromedriver] found in cache
2024-11-23 04:29:20,848 - INFO - Navigating to https://neetcode.io/problems/longest-palindromic-substring.
2024-11-23 04:29:22,442 - INFO - Problem title extracted: Longest Palindromic Substring
2024-11-23 04:29:22,498 - INFO - Problem description extracted.
2024-11-23 04:29:22,583 - INFO - Switched to 'Solution' tab.
2024-11-23 04:29:24,615 - INFO - Extracted Python solution.
2024-11-23 04:29:24,633 - INFO - Extracted Python solution.
2024-11-23 04:29:24,650 - INFO - Extracted Python solution.
2024-11-23 04:29:24,669 - INFO - Extracted Python solution.
2024-11-23 04:29:24,688 - INFO - Created Problem: Longest Palindromic Substring
2024-11-23 04:29:24,688 - INFO - Scraping completed successfully.
2024-11-23 04:29:24,763 - INFO - ChromeDriver has been closed.
2024-11-23 04:29:29,404 - INFO - ====== WebDriver manager ======
2024-11-23 04:29:29,513 - INFO - Get LATEST chromedriver version for google-chrome
2024-11-23 04:29:29,562 - INFO - Get LATEST chromedriver version for google-chrome
2024-11-23 04:29:29,619 - INFO - Driver [/Users/alvinzhu/.wdm/drivers/chromedriver/mac64/131.0.6778.85/chromedriver-mac-arm64/chromedriver] found in cache
2024-11-23 04:29:30,110 - INFO - Navigating to https://neetcode.io/problems/palindromic-substrings.
2024-11-23 04:29:31,693 - INFO - Problem title extracted: Palindromic Substrings
2024-11-23 04:29:31,747 - INFO - Problem description extracted.
2024-11-23 04:29:31,834 - INFO - Switched to 'Solution' tab.
2024-11-23 04:29:33,860 - INFO - Extracted Python solution.
2024-11-23 04:29:33,876 - INFO - Extracted Python solution.
2024-11-23 04:29:33,890 - INFO - Extracted Python solution.
2024-11-23 04:29:33,904 - INFO - Extracted Python solution.
2024-11-23 04:29:33,923 - INFO - Extracted Python solution.
2024-11-23 04:29:33,941 - INFO - Created Problem: Palindromic Substrings
2024-11-23 04:29:33,941 - INFO - Scraping completed successfully.
2024-11-23 04:29:34,008 - INFO - ChromeDriver has been closed.
2024-11-23 04:29:36,598 - INFO - ====== WebDriver manager ======
2024-11-23 04:29:36,655 - INFO - Get LATEST chromedriver version for google-chrome
2024-11-23 04:29:36,704 - INFO - Get LATEST chromedriver version for google-chrome
2024-11-23 04:29:36,749 - INFO - Driver [/Users/alvinzhu/.wdm/drivers/chromedriver/mac64/131.0.6778.85/chromedriver-mac-arm64/chromedriver] found in cache
2024-11-23 04:29:37,245 - INFO - Navigating to https://neetcode.io/problems/decode-ways.
2024-11-23 04:29:38,938 - INFO - Problem title extracted: Decode Ways
2024-11-23 04:29:39,008 - INFO - Problem description extracted.
2024-11-23 04:29:39,093 - INFO - Switched to 'Solution' tab.
2024-11-23 04:29:41,124 - INFO - Extracted Python solution.
2024-11-23 04:29:41,139 - INFO - Extracted Python solution.
2024-11-23 04:29:41,154 - INFO - Extracted Python solution.
2024-11-23 04:29:41,169 - INFO - Extracted Python solution.
2024-11-23 04:29:41,187 - INFO - Created Problem: Decode Ways
2024-11-23 04:29:41,187 - INFO - Scraping completed successfully.
2024-11-23 04:29:41,259 - INFO - ChromeDriver has been closed.
2024-11-23 04:29:46,242 - INFO - ====== WebDriver manager ======
2024-11-23 04:29:46,348 - INFO - Get LATEST chromedriver version for google-chrome
2024-11-23 04:29:46,397 - INFO - Get LATEST chromedriver version for google-chrome
2024-11-23 04:29:46,441 - INFO - Driver [/Users/alvinzhu/.wdm/drivers/chromedriver/mac64/131.0.6778.85/chromedriver-mac-arm64/chromedriver] found in cache
2024-11-23 04:29:46,933 - INFO - Navigating to https://neetcode.io/problems/coin-change.
2024-11-23 04:29:49,028 - INFO - Problem title extracted: Coin Change
2024-11-23 04:29:49,101 - INFO - Problem description extracted.
2024-11-23 04:29:49,192 - INFO - Switched to 'Solution' tab.
2024-11-23 04:29:51,232 - INFO - Extracted Python solution.
2024-11-23 04:29:51,250 - INFO - Extracted Python solution.
2024-11-23 04:29:51,264 - INFO - Extracted Python solution.
2024-11-23 04:29:51,279 - INFO - Extracted Python solution.
2024-11-23 04:29:51,297 - INFO - Created Problem: Coin Change
2024-11-23 04:29:51,297 - INFO - Scraping completed successfully.
2024-11-23 04:29:51,365 - INFO - ChromeDriver has been closed.
2024-11-23 04:29:55,134 - INFO - ====== WebDriver manager ======
2024-11-23 04:29:55,190 - INFO - Get LATEST chromedriver version for google-chrome
2024-11-23 04:29:55,242 - INFO - Get LATEST chromedriver version for google-chrome
2024-11-23 04:29:55,291 - INFO - Driver [/Users/alvinzhu/.wdm/drivers/chromedriver/mac64/131.0.6778.85/chromedriver-mac-arm64/chromedriver] found in cache
2024-11-23 04:29:55,786 - INFO - Navigating to https://neetcode.io/problems/maximum-product-subarray.
2024-11-23 04:29:57,043 - INFO - Problem title extracted: Maximum Product Subarray
2024-11-23 04:29:57,093 - INFO - Problem description extracted.
2024-11-23 04:29:57,177 - INFO - Switched to 'Solution' tab.
2024-11-23 04:29:59,201 - INFO - Extracted Python solution.
2024-11-23 04:29:59,220 - INFO - Extracted Python solution.
2024-11-23 04:29:59,232 - INFO - Extracted Python solution.
2024-11-23 04:29:59,245 - INFO - Extracted Python solution.
2024-11-23 04:29:59,263 - INFO - Created Problem: Maximum Product Subarray
2024-11-23 04:29:59,263 - INFO - Scraping completed successfully.
2024-11-23 04:29:59,334 - INFO - ChromeDriver has been closed.
2024-11-23 04:30:04,281 - INFO - ====== WebDriver manager ======
2024-11-23 04:30:04,388 - INFO - Get LATEST chromedriver version for google-chrome
2024-11-23 04:30:04,437 - INFO - Get LATEST chromedriver version for google-chrome
2024-11-23 04:30:04,481 - INFO - Driver [/Users/alvinzhu/.wdm/drivers/chromedriver/mac64/131.0.6778.85/chromedriver-mac-arm64/chromedriver] found in cache
2024-11-23 04:30:04,966 - INFO - Navigating to https://neetcode.io/problems/word-break.
2024-11-23 04:30:06,468 - INFO - Problem title extracted: Word Break
2024-11-23 04:30:06,531 - INFO - Problem description extracted.
2024-11-23 04:30:06,626 - INFO - Switched to 'Solution' tab.
2024-11-23 04:30:08,678 - INFO - Extracted Python solution.
2024-11-23 04:30:08,695 - INFO - Extracted Python solution.
2024-11-23 04:30:08,711 - INFO - Extracted Python solution.
2024-11-23 04:30:08,726 - INFO - Extracted Python solution.
2024-11-23 04:30:08,740 - INFO - Extracted Python solution.
2024-11-23 04:30:08,761 - INFO - Extracted Python solution.
2024-11-23 04:30:08,783 - INFO - Created Problem: Word Break
2024-11-23 04:30:08,783 - INFO - Scraping completed successfully.
2024-11-23 04:30:08,861 - INFO - ChromeDriver has been closed.
2024-11-23 04:30:12,897 - INFO - ====== WebDriver manager ======
2024-11-23 04:30:12,952 - INFO - Get LATEST chromedriver version for google-chrome
2024-11-23 04:30:13,003 - INFO - Get LATEST chromedriver version for google-chrome
2024-11-23 04:30:13,049 - INFO - Driver [/Users/alvinzhu/.wdm/drivers/chromedriver/mac64/131.0.6778.85/chromedriver-mac-arm64/chromedriver] found in cache
2024-11-23 04:30:13,525 - INFO - Navigating to https://neetcode.io/problems/longest-increasing-subsequence.
2024-11-23 04:30:14,868 - INFO - Problem title extracted: Longest Increasing Subsequence
2024-11-23 04:30:14,921 - INFO - Problem description extracted.
2024-11-23 04:30:15,008 - INFO - Switched to 'Solution' tab.
2024-11-23 04:30:17,035 - INFO - Extracted Python solution.
2024-11-23 04:30:17,050 - INFO - Extracted Python solution.
2024-11-23 04:30:17,064 - INFO - Extracted Python solution.
2024-11-23 04:30:17,089 - INFO - Extracted Python solution.
2024-11-23 04:30:17,102 - INFO - Extracted Python solution.
2024-11-23 04:30:17,120 - INFO - Created Problem: Longest Increasing Subsequence
2024-11-23 04:30:17,120 - INFO - Scraping completed successfully.
2024-11-23 04:30:17,198 - INFO - ChromeDriver has been closed.
2024-11-23 04:30:22,141 - INFO - ====== WebDriver manager ======
2024-11-23 04:30:22,245 - INFO - Get LATEST chromedriver version for google-chrome
2024-11-23 04:30:22,303 - INFO - Get LATEST chromedriver version for google-chrome
2024-11-23 04:30:22,352 - INFO - Driver [/Users/alvinzhu/.wdm/drivers/chromedriver/mac64/131.0.6778.85/chromedriver-mac-arm64/chromedriver] found in cache
2024-11-23 04:30:22,848 - INFO - Navigating to https://neetcode.io/problems/count-paths.
2024-11-23 04:30:24,445 - INFO - Problem title extracted: Unique Paths
2024-11-23 04:30:24,495 - INFO - Problem description extracted.
2024-11-23 04:30:24,580 - INFO - Switched to 'Solution' tab.
2024-11-23 04:30:26,612 - INFO - Extracted Python solution.
2024-11-23 04:30:26,629 - INFO - Extracted Python solution.
2024-11-23 04:30:26,644 - INFO - Extracted Python solution.
2024-11-23 04:30:26,657 - INFO - Extracted Python solution.
2024-11-23 04:30:26,670 - INFO - Extracted Python solution.
2024-11-23 04:30:26,682 - INFO - Extracted Python solution.
2024-11-23 04:30:26,700 - INFO - Created Problem: Unique Paths
2024-11-23 04:30:26,700 - INFO - Scraping completed successfully.
2024-11-23 04:30:26,776 - INFO - ChromeDriver has been closed.
2024-11-23 04:30:31,720 - INFO - ====== WebDriver manager ======
2024-11-23 04:30:31,778 - INFO - Get LATEST chromedriver version for google-chrome
2024-11-23 04:30:31,837 - INFO - Get LATEST chromedriver version for google-chrome
2024-11-23 04:30:32,033 - INFO - Driver [/Users/alvinzhu/.wdm/drivers/chromedriver/mac64/131.0.6778.85/chromedriver-mac-arm64/chromedriver] found in cache
2024-11-23 04:30:32,527 - INFO - Navigating to https://neetcode.io/problems/longest-common-subsequence.
2024-11-23 04:30:33,791 - INFO - Problem title extracted: Longest Common Subsequence
2024-11-23 04:30:33,851 - INFO - Problem description extracted.
2024-11-23 04:30:33,932 - INFO - Switched to 'Solution' tab.
2024-11-23 04:30:35,987 - INFO - Extracted Python solution.
2024-11-23 04:30:36,006 - INFO - Extracted Python solution.
2024-11-23 04:30:36,024 - INFO - Extracted Python solution.
2024-11-23 04:30:36,041 - INFO - Extracted Python solution.
2024-11-23 04:30:36,056 - INFO - Extracted Python solution.
2024-11-23 04:30:36,078 - INFO - Created Problem: Longest Common Subsequence
2024-11-23 04:30:36,078 - INFO - Scraping completed successfully.
2024-11-23 04:30:36,156 - INFO - ChromeDriver has been closed.
2024-11-23 04:30:40,866 - INFO - ====== WebDriver manager ======
2024-11-23 04:30:40,974 - INFO - Get LATEST chromedriver version for google-chrome
2024-11-23 04:30:41,026 - INFO - Get LATEST chromedriver version for google-chrome
2024-11-23 04:30:41,071 - INFO - Driver [/Users/alvinzhu/.wdm/drivers/chromedriver/mac64/131.0.6778.85/chromedriver-mac-arm64/chromedriver] found in cache
2024-11-23 04:30:41,560 - INFO - Navigating to https://neetcode.io/problems/maximum-subarray.
2024-11-23 04:30:43,150 - INFO - Problem title extracted: Maximum Subarray
2024-11-23 04:30:43,199 - INFO - Problem description extracted.
2024-11-23 04:30:43,282 - INFO - Switched to 'Solution' tab.
2024-11-23 04:30:45,333 - INFO - Extracted Python solution.
2024-11-23 04:30:45,351 - INFO - Extracted Python solution.
2024-11-23 04:30:45,369 - INFO - Extracted Python solution.
2024-11-23 04:30:45,385 - INFO - Extracted Python solution.
2024-11-23 04:30:45,396 - INFO - Extracted Python solution.
2024-11-23 04:30:45,406 - INFO - Extracted Python solution.
2024-11-23 04:30:45,421 - INFO - Extracted Python solution.
2024-11-23 04:30:45,442 - INFO - Created Problem: Maximum Subarray
2024-11-23 04:30:45,442 - INFO - Scraping completed successfully.
2024-11-23 04:30:45,519 - INFO - ChromeDriver has been closed.
2024-11-23 04:30:50,161 - INFO - ====== WebDriver manager ======
2024-11-23 04:30:50,270 - INFO - Get LATEST chromedriver version for google-chrome
2024-11-23 04:30:50,324 - INFO - Get LATEST chromedriver version for google-chrome
2024-11-23 04:30:50,369 - INFO - Driver [/Users/alvinzhu/.wdm/drivers/chromedriver/mac64/131.0.6778.85/chromedriver-mac-arm64/chromedriver] found in cache
2024-11-23 04:30:50,857 - INFO - Navigating to https://neetcode.io/problems/jump-game.
2024-11-23 04:30:52,239 - INFO - Problem title extracted: Jump Game
2024-11-23 04:30:52,323 - INFO - Problem description extracted.
2024-11-23 04:30:52,407 - INFO - Switched to 'Solution' tab.
2024-11-23 04:30:54,438 - INFO - Extracted Python solution.
2024-11-23 04:30:54,454 - INFO - Extracted Python solution.
2024-11-23 04:30:54,468 - INFO - Extracted Python solution.
2024-11-23 04:30:54,480 - INFO - Extracted Python solution.
2024-11-23 04:30:54,498 - INFO - Created Problem: Jump Game
2024-11-23 04:30:54,498 - INFO - Scraping completed successfully.
2024-11-23 04:30:54,569 - INFO - ChromeDriver has been closed.
2024-11-23 04:30:57,461 - INFO - ====== WebDriver manager ======
2024-11-23 04:30:57,516 - INFO - Get LATEST chromedriver version for google-chrome
2024-11-23 04:30:57,563 - INFO - Get LATEST chromedriver version for google-chrome
2024-11-23 04:30:57,610 - INFO - Driver [/Users/alvinzhu/.wdm/drivers/chromedriver/mac64/131.0.6778.85/chromedriver-mac-arm64/chromedriver] found in cache
2024-11-23 04:30:58,106 - INFO - Navigating to https://neetcode.io/problems/insert-new-interval.
2024-11-23 04:30:59,694 - INFO - Problem title extracted: Insert Interval
2024-11-23 04:30:59,762 - INFO - Problem description extracted.
2024-11-23 04:30:59,844 - INFO - Switched to 'Solution' tab.
2024-11-23 04:31:01,874 - INFO - Extracted Python solution.
2024-11-23 04:31:01,891 - INFO - Extracted Python solution.
2024-11-23 04:31:01,908 - INFO - Extracted Python solution.
2024-11-23 04:31:01,927 - INFO - Created Problem: Insert Interval
2024-11-23 04:31:01,927 - INFO - Scraping completed successfully.
2024-11-23 04:31:02,001 - INFO - ChromeDriver has been closed.
2024-11-23 04:31:05,846 - INFO - ====== WebDriver manager ======
2024-11-23 04:31:05,953 - INFO - Get LATEST chromedriver version for google-chrome
2024-11-23 04:31:06,004 - INFO - Get LATEST chromedriver version for google-chrome
2024-11-23 04:31:06,053 - INFO - Driver [/Users/alvinzhu/.wdm/drivers/chromedriver/mac64/131.0.6778.85/chromedriver-mac-arm64/chromedriver] found in cache
2024-11-23 04:31:06,553 - INFO - Navigating to https://neetcode.io/problems/merge-intervals.
2024-11-23 04:31:07,934 - INFO - Problem title extracted: Merge Intervals
2024-11-23 04:31:07,993 - INFO - Problem description extracted.
2024-11-23 04:31:08,074 - INFO - Switched to 'Solution' tab.
2024-11-23 04:31:10,106 - INFO - Extracted Python solution.
2024-11-23 04:31:10,119 - INFO - Extracted Python solution.
2024-11-23 04:31:10,137 - INFO - Extracted Python solution.
2024-11-23 04:31:10,154 - INFO - Created Problem: Merge Intervals
2024-11-23 04:31:10,154 - INFO - Scraping completed successfully.
2024-11-23 04:31:10,226 - INFO - ChromeDriver has been closed.
2024-11-23 04:31:12,818 - INFO - ====== WebDriver manager ======
2024-11-23 04:31:12,926 - INFO - Get LATEST chromedriver version for google-chrome
2024-11-23 04:31:12,977 - INFO - Get LATEST chromedriver version for google-chrome
2024-11-23 04:31:13,022 - INFO - Driver [/Users/alvinzhu/.wdm/drivers/chromedriver/mac64/131.0.6778.85/chromedriver-mac-arm64/chromedriver] found in cache
2024-11-23 04:31:13,497 - INFO - Navigating to https://neetcode.io/problems/non-overlapping-intervals.
2024-11-23 04:31:15,080 - INFO - Problem title extracted: Non-overlapping Intervals
2024-11-23 04:31:15,130 - INFO - Problem description extracted.
2024-11-23 04:31:15,210 - INFO - Switched to 'Solution' tab.
2024-11-23 04:31:17,264 - INFO - Extracted Python solution.
2024-11-23 04:31:17,282 - INFO - Extracted Python solution.
2024-11-23 04:31:17,298 - INFO - Extracted Python solution.
2024-11-23 04:31:17,314 - INFO - Extracted Python solution.
2024-11-23 04:31:17,326 - INFO - Extracted Python solution.
2024-11-23 04:31:17,338 - INFO - Extracted Python solution.
2024-11-23 04:31:17,360 - INFO - Created Problem: Non-overlapping Intervals
2024-11-23 04:31:17,360 - INFO - Scraping completed successfully.
2024-11-23 04:31:17,438 - INFO - ChromeDriver has been closed.
2024-11-23 04:31:21,655 - INFO - ====== WebDriver manager ======
2024-11-23 04:31:21,760 - INFO - Get LATEST chromedriver version for google-chrome
2024-11-23 04:31:21,813 - INFO - Get LATEST chromedriver version for google-chrome
2024-11-23 04:31:21,867 - INFO - Driver [/Users/alvinzhu/.wdm/drivers/chromedriver/mac64/131.0.6778.85/chromedriver-mac-arm64/chromedriver] found in cache
2024-11-23 04:31:22,357 - INFO - Navigating to https://neetcode.io/problems/meeting-schedule.
2024-11-23 04:31:23,748 - INFO - Problem title extracted: Meeting Rooms
2024-11-23 04:31:23,798 - INFO - Problem description extracted.
2024-11-23 04:31:23,874 - INFO - Switched to 'Solution' tab.
2024-11-23 04:31:25,926 - INFO - Extracted Python solution.
2024-11-23 04:31:25,941 - INFO - Extracted Python solution.
2024-11-23 04:31:25,965 - INFO - Created Problem: Meeting Rooms
2024-11-23 04:31:25,965 - INFO - Scraping completed successfully.
2024-11-23 04:31:26,045 - INFO - ChromeDriver has been closed.
2024-11-23 04:31:28,909 - INFO - ====== WebDriver manager ======
2024-11-23 04:31:29,017 - INFO - Get LATEST chromedriver version for google-chrome
2024-11-23 04:31:29,068 - INFO - Get LATEST chromedriver version for google-chrome
2024-11-23 04:31:29,112 - INFO - Driver [/Users/alvinzhu/.wdm/drivers/chromedriver/mac64/131.0.6778.85/chromedriver-mac-arm64/chromedriver] found in cache
2024-11-23 04:31:29,576 - INFO - Navigating to https://neetcode.io/problems/meeting-schedule-ii.
2024-11-23 04:31:31,191 - INFO - Problem title extracted: Meeting Rooms II
2024-11-23 04:31:31,239 - INFO - Problem description extracted.
2024-11-23 04:31:31,312 - INFO - Switched to 'Solution' tab.
2024-11-23 04:31:33,362 - INFO - Extracted Python solution.
2024-11-23 04:31:33,379 - INFO - Extracted Python solution.
2024-11-23 04:31:33,393 - INFO - Extracted Python solution.
2024-11-23 04:31:33,407 - INFO - Extracted Python solution.
2024-11-23 04:31:33,429 - INFO - Created Problem: Meeting Rooms II
2024-11-23 04:31:33,429 - INFO - Scraping completed successfully.
2024-11-23 04:31:33,508 - INFO - ChromeDriver has been closed.
2024-11-23 04:31:38,215 - INFO - ====== WebDriver manager ======
2024-11-23 04:31:38,324 - INFO - Get LATEST chromedriver version for google-chrome
2024-11-23 04:31:38,382 - INFO - Get LATEST chromedriver version for google-chrome
2024-11-23 04:31:38,428 - INFO - Driver [/Users/alvinzhu/.wdm/drivers/chromedriver/mac64/131.0.6778.85/chromedriver-mac-arm64/chromedriver] found in cache
2024-11-23 04:31:38,909 - INFO - Navigating to https://neetcode.io/problems/rotate-matrix.
2024-11-23 04:31:40,569 - INFO - Problem title extracted: Rotate Image
2024-11-23 04:31:40,623 - INFO - Problem description extracted.
2024-11-23 04:31:40,697 - INFO - Switched to 'Solution' tab.
2024-11-23 04:31:42,751 - INFO - Extracted Python solution.
2024-11-23 04:31:42,770 - INFO - Extracted Python solution.
2024-11-23 04:31:42,783 - INFO - Extracted Python solution.
2024-11-23 04:31:42,806 - INFO - Created Problem: Rotate Image
2024-11-23 04:31:42,806 - INFO - Scraping completed successfully.
2024-11-23 04:31:42,884 - INFO - ChromeDriver has been closed.
2024-11-23 04:31:47,897 - INFO - ====== WebDriver manager ======
2024-11-23 04:31:47,952 - INFO - Get LATEST chromedriver version for google-chrome
2024-11-23 04:31:48,001 - INFO - Get LATEST chromedriver version for google-chrome
2024-11-23 04:31:48,049 - INFO - Driver [/Users/alvinzhu/.wdm/drivers/chromedriver/mac64/131.0.6778.85/chromedriver-mac-arm64/chromedriver] found in cache
2024-11-23 04:31:48,530 - INFO - Navigating to https://neetcode.io/problems/spiral-matrix.
2024-11-23 04:31:50,095 - INFO - Problem title extracted: Spiral Matrix
2024-11-23 04:31:50,158 - INFO - Problem description extracted.
2024-11-23 04:31:50,238 - INFO - Switched to 'Solution' tab.
2024-11-23 04:31:52,292 - INFO - Extracted Python solution.
2024-11-23 04:31:52,314 - INFO - Extracted Python solution.
2024-11-23 04:31:52,331 - INFO - Extracted Python solution.
2024-11-23 04:31:52,353 - INFO - Created Problem: Spiral Matrix
2024-11-23 04:31:52,353 - INFO - Scraping completed successfully.
2024-11-23 04:31:52,432 - INFO - ChromeDriver has been closed.
2024-11-23 04:31:57,510 - INFO - ====== WebDriver manager ======
2024-11-23 04:31:57,617 - INFO - Get LATEST chromedriver version for google-chrome
2024-11-23 04:31:57,678 - INFO - Get LATEST chromedriver version for google-chrome
2024-11-23 04:31:57,728 - INFO - Driver [/Users/alvinzhu/.wdm/drivers/chromedriver/mac64/131.0.6778.85/chromedriver-mac-arm64/chromedriver] found in cache
2024-11-23 04:31:58,222 - INFO - Navigating to https://neetcode.io/problems/set-zeroes-in-matrix.
2024-11-23 04:31:59,791 - INFO - Problem title extracted: Set Matrix Zeroes
2024-11-23 04:31:59,849 - INFO - Problem description extracted.
2024-11-23 04:31:59,925 - INFO - Switched to 'Solution' tab.
2024-11-23 04:32:01,966 - INFO - Extracted Python solution.
2024-11-23 04:32:01,982 - INFO - Extracted Python solution.
2024-11-23 04:32:01,999 - INFO - Extracted Python solution.
2024-11-23 04:32:02,021 - INFO - Created Problem: Set Matrix Zeroes
2024-11-23 04:32:02,021 - INFO - Scraping completed successfully.
2024-11-23 04:32:02,179 - INFO - ChromeDriver has been closed.
2024-11-23 04:32:05,829 - INFO - ====== WebDriver manager ======
2024-11-23 04:32:05,937 - INFO - Get LATEST chromedriver version for google-chrome
2024-11-23 04:32:05,989 - INFO - Get LATEST chromedriver version for google-chrome
2024-11-23 04:32:06,034 - INFO - Driver [/Users/alvinzhu/.wdm/drivers/chromedriver/mac64/131.0.6778.85/chromedriver-mac-arm64/chromedriver] found in cache
2024-11-23 04:32:06,520 - INFO - Navigating to https://neetcode.io/problems/number-of-one-bits.
2024-11-23 04:32:07,771 - INFO - Problem title extracted: Number of One Bits
2024-11-23 04:32:07,807 - INFO - Problem description extracted.
2024-11-23 04:32:07,888 - INFO - Switched to 'Solution' tab.
2024-11-23 04:32:09,936 - INFO - Extracted Python solution.
2024-11-23 04:32:09,950 - INFO - Extracted Python solution.
2024-11-23 04:32:09,961 - INFO - Extracted Python solution.
2024-11-23 04:32:09,973 - INFO - Extracted Python solution.
2024-11-23 04:32:09,997 - INFO - Created Problem: Number of One Bits
2024-11-23 04:32:09,997 - INFO - Scraping completed successfully.
2024-11-23 04:32:10,075 - INFO - ChromeDriver has been closed.
2024-11-23 04:32:14,172 - INFO - ====== WebDriver manager ======
2024-11-23 04:32:14,281 - INFO - Get LATEST chromedriver version for google-chrome
2024-11-23 04:32:14,330 - INFO - Get LATEST chromedriver version for google-chrome
2024-11-23 04:32:14,374 - INFO - Driver [/Users/alvinzhu/.wdm/drivers/chromedriver/mac64/131.0.6778.85/chromedriver-mac-arm64/chromedriver] found in cache
2024-11-23 04:32:14,868 - INFO - Navigating to https://neetcode.io/problems/counting-bits.
2024-11-23 04:32:16,349 - INFO - Problem title extracted: Counting Bits
2024-11-23 04:32:16,387 - INFO - Problem description extracted.
2024-11-23 04:32:16,468 - INFO - Switched to 'Solution' tab.
2024-11-23 04:32:18,520 - INFO - Extracted Python solution.
2024-11-23 04:32:18,535 - INFO - Extracted Python solution.
2024-11-23 04:32:18,547 - INFO - Extracted Python solution.
2024-11-23 04:32:18,559 - INFO - Extracted Python solution.
2024-11-23 04:32:18,571 - INFO - Extracted Python solution.
2024-11-23 04:32:18,592 - INFO - Created Problem: Counting Bits
2024-11-23 04:32:18,593 - INFO - Scraping completed successfully.
2024-11-23 04:32:18,670 - INFO - ChromeDriver has been closed.
2024-11-23 04:32:23,733 - INFO - ====== WebDriver manager ======
2024-11-23 04:32:23,841 - INFO - Get LATEST chromedriver version for google-chrome
2024-11-23 04:32:23,896 - INFO - Get LATEST chromedriver version for google-chrome
2024-11-23 04:32:23,941 - INFO - Driver [/Users/alvinzhu/.wdm/drivers/chromedriver/mac64/131.0.6778.85/chromedriver-mac-arm64/chromedriver] found in cache
2024-11-23 04:32:24,416 - INFO - Navigating to https://neetcode.io/problems/reverse-bits.
2024-11-23 04:32:26,112 - INFO - Problem title extracted: Reverse Bits
2024-11-23 04:32:26,140 - INFO - Problem description extracted.
2024-11-23 04:32:26,219 - INFO - Switched to 'Solution' tab.
2024-11-23 04:32:28,276 - INFO - Extracted Python solution.
2024-11-23 04:32:28,298 - INFO - Extracted Python solution.
2024-11-23 04:32:28,313 - INFO - Extracted Python solution.
2024-11-23 04:32:28,335 - INFO - Created Problem: Reverse Bits
2024-11-23 04:32:28,335 - INFO - Scraping completed successfully.
2024-11-23 04:32:28,414 - INFO - ChromeDriver has been closed.
2024-11-23 04:32:30,736 - INFO - ====== WebDriver manager ======
2024-11-23 04:32:30,845 - INFO - Get LATEST chromedriver version for google-chrome
2024-11-23 04:32:30,897 - INFO - Get LATEST chromedriver version for google-chrome
2024-11-23 04:32:30,942 - INFO - Driver [/Users/alvinzhu/.wdm/drivers/chromedriver/mac64/131.0.6778.85/chromedriver-mac-arm64/chromedriver] found in cache
2024-11-23 04:32:31,465 - INFO - Navigating to https://neetcode.io/problems/missing-number.
2024-11-23 04:32:33,543 - INFO - Problem title extracted: Missing Number
2024-11-23 04:32:33,590 - INFO - Problem description extracted.
2024-11-23 04:32:33,667 - INFO - Switched to 'Solution' tab.
2024-11-23 04:32:35,717 - INFO - Extracted Python solution.
2024-11-23 04:32:35,731 - INFO - Extracted Python solution.
2024-11-23 04:32:35,746 - INFO - Extracted Python solution.
2024-11-23 04:32:35,767 - INFO - Extracted Python solution.
2024-11-23 04:32:35,789 - INFO - Created Problem: Missing Number
2024-11-23 04:32:35,789 - INFO - Scraping completed successfully.
2024-11-23 04:32:35,867 - INFO - ChromeDriver has been closed.
2024-11-23 04:32:38,846 - INFO - ====== WebDriver manager ======
2024-11-23 04:32:38,955 - INFO - Get LATEST chromedriver version for google-chrome
2024-11-23 04:32:39,013 - INFO - Get LATEST chromedriver version for google-chrome
2024-11-23 04:32:39,060 - INFO - Driver [/Users/alvinzhu/.wdm/drivers/chromedriver/mac64/131.0.6778.85/chromedriver-mac-arm64/chromedriver] found in cache
2024-11-23 04:32:39,551 - INFO - Navigating to https://neetcode.io/problems/sum-of-two-integers.
2024-11-23 04:32:40,763 - INFO - Problem title extracted: Sum of Two Integers
2024-11-23 04:32:40,799 - INFO - Problem description extracted.
2024-11-23 04:32:40,873 - INFO - Switched to 'Solution' tab.
2024-11-23 04:32:42,921 - INFO - Extracted Python solution.
2024-11-23 04:32:42,938 - INFO - Extracted Python solution.
2024-11-23 04:32:42,953 - INFO - Extracted Python solution.
2024-11-23 04:32:42,976 - INFO - Created Problem: Sum of Two Integers
2024-11-23 04:32:42,976 - INFO - Scraping completed successfully.
2024-11-23 04:32:43,055 - INFO - ChromeDriver has been closed.
